TpTrace Verbose: 0 : 18152, 1, 2023/05/25, 05:50:00.370, 7538119864547, vstest.console.dll, Version: 17.4.0-release-20221019-01 Current process architecture: X64
TpTrace Verbose: 0 : 18152, 1, 2023/05/25, 05:50:00.372, 7538119880901, vstest.console.dll, Runtime location: C:\Program Files\dotnet\shared\Microsoft.NETCore.App\7.0.3
TpTrace Verbose: 0 : 18152, 1, 2023/05/25, 05:50:00.374, 7538119903572, vstest.console.dll, ArtifactProcessingPostProcessModeProcessorExecutor.Initialize: ArtifactProcessingMode.Collect
TpTrace Verbose: 0 : 18152, 1, 2023/05/25, 05:50:00.374, 7538119904890, vstest.console.dll, TestSessionCorrelationIdProcessorModeProcessorExecutor.Initialize: TestSessionCorrelationId '44460_ae03bd3f-2c96-4df3-b333-78549e4c7ed9'
TpTrace Information: 0 : 18152, 1, 2023/05/25, 05:50:00.382, 7538119980386, vstest.console.dll, FilePatternParser: The given file C:\Users\laxmi\source\repos\EmployeeManagementSystem\EmployeeManagement.API\EmployeeManagement.API.Test\bin\Debug\netcoreapp3.1\fine-code-coverage\build-output\EmployeeManagement.API.Test.dll is a full path.
TpTrace Verbose: 0 : 18152, 1, 2023/05/25, 05:50:00.386, 7538120025970, vstest.console.dll, TestPluginCache.DiscoverTestExtensions: finding test extensions in assemblies ends with: RuntimeProvider.dll TPluginInfo: Microsoft.VisualStudio.TestPlatform.Common.ExtensionFramework.Utilities.TestRuntimePluginInformation TExtension: Microsoft.VisualStudio.TestPlatform.ObjectModel.Host.ITestRuntimeProvider
TpTrace Verbose: 0 : 18152, 1, 2023/05/25, 05:50:00.387, 7538120028236, vstest.console.dll, TestPluginCache.GetExtensionPaths: Filtered extension paths: 
TpTrace Verbose: 0 : 18152, 1, 2023/05/25, 05:50:00.387, 7538120029024, vstest.console.dll, TestPluginCache.GetExtensionPaths: Added default extension paths: C:\Program Files\dotnet\sdk\7.0.103\Extensions\Microsoft.Diagnostics.NETCore.Client.dll
C:\Program Files\dotnet\sdk\7.0.103\Extensions\Microsoft.TestPlatform.Extensions.BlameDataCollector.dll
C:\Program Files\dotnet\sdk\7.0.103\Extensions\Microsoft.TestPlatform.Extensions.EventLogCollector.dll
C:\Program Files\dotnet\sdk\7.0.103\Extensions\Microsoft.TestPlatform.TestHostRuntimeProvider.dll
C:\Program Files\dotnet\sdk\7.0.103\Extensions\Microsoft.VisualStudio.TestPlatform.Extensions.Html.TestLogger.dll
C:\Program Files\dotnet\sdk\7.0.103\Extensions\Microsoft.VisualStudio.TestPlatform.Extensions.Trx.TestLogger.dll
TpTrace Verbose: 0 : 18152, 1, 2023/05/25, 05:50:00.387, 7538120029276, vstest.console.dll, TestPluginCache.GetExtensionPaths: Added unfilterableExtensionPaths: 
TpTrace Information: 0 : 18152, 1, 2023/05/25, 05:50:00.387, 7538120035372, vstest.console.dll, AssemblyResolver.ctor: Creating AssemblyResolver with searchDirectories C:\Program Files\dotnet\sdk\7.0.103\Extensions,C:\Program Files\dotnet\sdk\7.0.103
TpTrace Verbose: 0 : 18152, 1, 2023/05/25, 05:50:00.388, 7538120045615, vstest.console.dll, TestPluginCache.DiscoverTestExtensions: Discovering the extensions using extension path.
TpTrace Verbose: 0 : 18152, 1, 2023/05/25, 05:50:00.388, 7538120046716, vstest.console.dll, TestPluginCache.GetExtensionPaths: Filtered extension paths: 
TpTrace Verbose: 0 : 18152, 1, 2023/05/25, 05:50:00.388, 7538120047055, vstest.console.dll, TestPluginCache.GetExtensionPaths: Added default extension paths: C:\Program Files\dotnet\sdk\7.0.103\Extensions\Microsoft.Diagnostics.NETCore.Client.dll
C:\Program Files\dotnet\sdk\7.0.103\Extensions\Microsoft.TestPlatform.Extensions.BlameDataCollector.dll
C:\Program Files\dotnet\sdk\7.0.103\Extensions\Microsoft.TestPlatform.Extensions.EventLogCollector.dll
C:\Program Files\dotnet\sdk\7.0.103\Extensions\Microsoft.TestPlatform.TestHostRuntimeProvider.dll
C:\Program Files\dotnet\sdk\7.0.103\Extensions\Microsoft.VisualStudio.TestPlatform.Extensions.Html.TestLogger.dll
C:\Program Files\dotnet\sdk\7.0.103\Extensions\Microsoft.VisualStudio.TestPlatform.Extensions.Trx.TestLogger.dll
TpTrace Verbose: 0 : 18152, 1, 2023/05/25, 05:50:00.389, 7538120047257, vstest.console.dll, TestPluginCache.GetExtensionPaths: Added unfilterableExtensionPaths: 
TpTrace Verbose: 0 : 18152, 1, 2023/05/25, 05:50:00.389, 7538120048472, vstest.console.dll, TestPluginCache.DiscoverTestExtensions: Discovering the extensions using allExtensionPaths: C:\Program Files\dotnet\sdk\7.0.103\Extensions\Microsoft.Diagnostics.NETCore.Client.dll
C:\Program Files\dotnet\sdk\7.0.103\Extensions\Microsoft.TestPlatform.Extensions.BlameDataCollector.dll
C:\Program Files\dotnet\sdk\7.0.103\Extensions\Microsoft.TestPlatform.Extensions.EventLogCollector.dll
C:\Program Files\dotnet\sdk\7.0.103\Extensions\Microsoft.TestPlatform.TestHostRuntimeProvider.dll
C:\Program Files\dotnet\sdk\7.0.103\Extensions\Microsoft.VisualStudio.TestPlatform.Extensions.Html.TestLogger.dll
C:\Program Files\dotnet\sdk\7.0.103\Extensions\Microsoft.VisualStudio.TestPlatform.Extensions.Trx.TestLogger.dll
TpTrace Information: 0 : 18152, 1, 2023/05/25, 05:50:00.389, 7538120049289, vstest.console.dll, AssemblyResolver.AddSearchDirectories: Adding more searchDirectories C:\Program Files\dotnet\sdk\7.0.103\Extensions,C:\Program Files\dotnet\sdk\7.0.103
TpTrace Information: 0 : 18152, 1, 2023/05/25, 05:50:00.389, 7538120049621, vstest.console.dll, AssemblyResolver.AddSearchDirectories: Adding more searchDirectories C:\Program Files\dotnet\sdk\7.0.103\Extensions,C:\Program Files\dotnet\sdk\7.0.103
TpTrace Information: 0 : 18152, 1, 2023/05/25, 05:50:00.389, 7538120049865, vstest.console.dll, AssemblyResolver.AddSearchDirectories: Adding more searchDirectories C:\Program Files\dotnet\sdk\7.0.103\Extensions,C:\Program Files\dotnet\sdk\7.0.103
TpTrace Information: 0 : 18152, 1, 2023/05/25, 05:50:00.389, 7538120050053, vstest.console.dll, AssemblyResolver.AddSearchDirectories: Adding more searchDirectories C:\Program Files\dotnet\sdk\7.0.103\Extensions,C:\Program Files\dotnet\sdk\7.0.103
TpTrace Information: 0 : 18152, 1, 2023/05/25, 05:50:00.389, 7538120050235, vstest.console.dll, AssemblyResolver.AddSearchDirectories: Adding more searchDirectories C:\Program Files\dotnet\sdk\7.0.103\Extensions,C:\Program Files\dotnet\sdk\7.0.103
TpTrace Information: 0 : 18152, 1, 2023/05/25, 05:50:00.389, 7538120050488, vstest.console.dll, AssemblyResolver.AddSearchDirectories: Adding more searchDirectories C:\Program Files\dotnet\sdk\7.0.103\Extensions,C:\Program Files\dotnet\sdk\7.0.103
TpTrace Information: 0 : 18152, 1, 2023/05/25, 05:50:00.389, 7538120054756, vstest.console.dll, AssemblyResolver.OnResolve: Microsoft.Diagnostics.NETCore.Client: Resolving assembly.
TpTrace Information: 0 : 18152, 1, 2023/05/25, 05:50:00.389, 7538120055331, vstest.console.dll, AssemblyResolver.OnResolve: Microsoft.Diagnostics.NETCore.Client: Searching in: 'C:\Program Files\dotnet\sdk\7.0.103\Extensions'.
TpTrace Information: 0 : 18152, 1, 2023/05/25, 05:50:00.399, 7538120151665, vstest.console.dll, AssemblyResolver.OnResolve: Microsoft.Diagnostics.NETCore.Client: Loading assembly 'C:\Program Files\dotnet\sdk\7.0.103\Extensions\Microsoft.Diagnostics.NETCore.Client.dll'.
TpTrace Information: 0 : 18152, 1, 2023/05/25, 05:50:00.400, 7538120160010, vstest.console.dll, AssemblyResolver.OnResolve: Resolved assembly: Microsoft.Diagnostics.NETCore.Client, from path: C:\Program Files\dotnet\sdk\7.0.103\Extensions\Microsoft.Diagnostics.NETCore.Client.dll
TpTrace Verbose: 0 : 18152, 1, 2023/05/25, 05:50:00.403, 7538120187881, vstest.console.dll, MetadataReaderExtensionsHelper: Discovering extensions inside assembly 'Microsoft.Diagnostics.NETCore.Client, Version=0.2.6.42401, Culture=neutral, PublicKeyToken=31bf3856ad364e35' file path 'C:\Program Files\dotnet\sdk\7.0.103\Extensions\Microsoft.Diagnostics.NETCore.Client.dll'
TpTrace Information: 0 : 18152, 1, 2023/05/25, 05:50:00.407, 7538120230191, vstest.console.dll, AssemblyResolver.OnResolve: Microsoft.Bcl.AsyncInterfaces: Resolving assembly.
TpTrace Information: 0 : 18152, 1, 2023/05/25, 05:50:00.407, 7538120231261, vstest.console.dll, AssemblyResolver.OnResolve: Microsoft.Bcl.AsyncInterfaces: Searching in: 'C:\Program Files\dotnet\sdk\7.0.103\Extensions'.
TpTrace Information: 0 : 18152, 1, 2023/05/25, 05:50:00.407, 7538120231885, vstest.console.dll, AssemblyResolver.OnResolve: Microsoft.Bcl.AsyncInterfaces: Assembly path does not exist: 'C:\Program Files\dotnet\sdk\7.0.103\Extensions\Microsoft.Bcl.AsyncInterfaces.dll', returning.
TpTrace Information: 0 : 18152, 1, 2023/05/25, 05:50:00.407, 7538120232976, vstest.console.dll, AssemblyResolver.OnResolve: Microsoft.Bcl.AsyncInterfaces: Assembly path does not exist: 'C:\Program Files\dotnet\sdk\7.0.103\Extensions\Microsoft.Bcl.AsyncInterfaces.exe', returning.
TpTrace Information: 0 : 18152, 1, 2023/05/25, 05:50:00.407, 7538120233214, vstest.console.dll, AssemblyResolver.OnResolve: Microsoft.Bcl.AsyncInterfaces: Searching in: 'C:\Program Files\dotnet\sdk\7.0.103'.
TpTrace Information: 0 : 18152, 1, 2023/05/25, 05:50:00.407, 7538120233706, vstest.console.dll, AssemblyResolver.OnResolve: Microsoft.Bcl.AsyncInterfaces: Assembly path does not exist: 'C:\Program Files\dotnet\sdk\7.0.103\Microsoft.Bcl.AsyncInterfaces.dll', returning.
TpTrace Information: 0 : 18152, 1, 2023/05/25, 05:50:00.407, 7538120234018, vstest.console.dll, AssemblyResolver.OnResolve: Microsoft.Bcl.AsyncInterfaces: Assembly path does not exist: 'C:\Program Files\dotnet\sdk\7.0.103\Microsoft.Bcl.AsyncInterfaces.exe', returning.
TpTrace Information: 0 : 18152, 1, 2023/05/25, 05:50:00.407, 7538120234192, vstest.console.dll, AssemblyResolver.OnResolve: Microsoft.Bcl.AsyncInterfaces: Failed to load assembly.
TpTrace Verbose: 0 : 18152, 1, 2023/05/25, 05:50:00.407, 7538120234490, vstest.console.dll, CurrentDomainAssemblyResolve: Resolving assembly 'Microsoft.Bcl.AsyncInterfaces'.
TpTrace Information: 0 : 18152, 1, 2023/05/25, 05:50:00.407, 7538120235072, vstest.console.dll, AssemblyResolver.OnResolve: Microsoft.Bcl.AsyncInterfaces: Resolving assembly.
TpTrace Information: 0 : 18152, 1, 2023/05/25, 05:50:00.407, 7538120235426, vstest.console.dll, AssemblyResolver.OnResolve: Microsoft.Bcl.AsyncInterfaces: Resolved from cache.
TpTrace Verbose: 0 : 18152, 1, 2023/05/25, 05:50:00.407, 7538120235606, vstest.console.dll, CurrentDomainAssemblyResolve: Resolving assembly 'Microsoft.Bcl.AsyncInterfaces'.
TpTrace Verbose: 0 : 18152, 1, 2023/05/25, 05:50:00.407, 7538120235872, vstest.console.dll, CurrentDomainAssemblyResolve: Failed to resolve assembly 'Microsoft.Bcl.AsyncInterfaces'.
TpTrace Verbose: 0 : 18152, 1, 2023/05/25, 05:50:00.408, 7538120241087, vstest.console.dll, CurrentDomainAssemblyResolve: Failed to resolve assembly 'Microsoft.Bcl.AsyncInterfaces'.
TpTrace Warning: 0 : 18152, 1, 2023/05/25, 05:50:00.413, 7538120294871, vstest.console.dll, TestPluginDiscoverer: Failed to get types from assembly 'Microsoft.Diagnostics.NETCore.Client, Version=0.2.6.42401, Culture=neutral, PublicKeyToken=31bf3856ad364e35'. Error: System.Reflection.ReflectionTypeLoadException: Unable to load one or more of the requested types.
Could not load file or assembly 'Microsoft.Bcl.AsyncInterfaces, Version=1.0.0.0, Culture=neutral, PublicKeyToken=cc7b13ffcd2ddd51'. The system cannot find the file specified.
   at System.Reflection.RuntimeModule.GetTypes(RuntimeModule module)
   at System.Reflection.Assembly.GetTypes()
   at Microsoft.VisualStudio.TestPlatform.Common.ExtensionFramework.TestPluginDiscoverer.GetTestExtensionsFromAssembly[TPluginInfo,TExtension](Assembly assembly, Dictionary`2 pluginInfos, String filePath)
System.IO.FileNotFoundException: Could not load file or assembly 'Microsoft.Bcl.AsyncInterfaces, Version=1.0.0.0, Culture=neutral, PublicKeyToken=cc7b13ffcd2ddd51'. The system cannot find the file specified.
File name: 'Microsoft.Bcl.AsyncInterfaces, Version=1.0.0.0, Culture=neutral, PublicKeyToken=cc7b13ffcd2ddd51'
 ---> System.IO.FileNotFoundException: Could not load file or assembly 'Microsoft.Bcl.AsyncInterfaces, Culture=neutral, PublicKeyToken=null'. The system cannot find the file specified.
File name: 'Microsoft.Bcl.AsyncInterfaces, Culture=neutral, PublicKeyToken=null'
   at System.Reflection.RuntimeAssembly.InternalLoad(AssemblyName assemblyName, StackCrawlMark& stackMark, AssemblyLoadContext assemblyLoadContext, RuntimeAssembly requestingAssembly, Boolean throwOnFileNotFound)
   at System.Reflection.Assembly.Load(AssemblyName assemblyRef)
   at Microsoft.VisualStudio.TestPlatform.Common.ExtensionFramework.TestPluginCache.CurrentDomainAssemblyResolve(Object sender, AssemblyResolveEventArgs args)
   at System.Runtime.Loader.AssemblyLoadContext.GetFirstResolvedAssemblyFromResolvingEvent(AssemblyName assemblyName)
   at System.Runtime.Loader.AssemblyLoadContext.ResolveUsingEvent(AssemblyName assemblyName)
   at System.Runtime.Loader.AssemblyLoadContext.ResolveUsingResolvingEvent(IntPtr gchManagedAssemblyLoadContext, AssemblyName assemblyName)
TpTrace Warning: 0 : 18152, 1, 2023/05/25, 05:50:00.414, 7538120298317, vstest.console.dll, LoaderExceptions: System.IO.FileNotFoundException: Could not load file or assembly 'Microsoft.Bcl.AsyncInterfaces, Version=1.0.0.0, Culture=neutral, PublicKeyToken=cc7b13ffcd2ddd51'. The system cannot find the file specified.
File name: 'Microsoft.Bcl.AsyncInterfaces, Version=1.0.0.0, Culture=neutral, PublicKeyToken=cc7b13ffcd2ddd51'
 ---> System.IO.FileNotFoundException: Could not load file or assembly 'Microsoft.Bcl.AsyncInterfaces, Culture=neutral, PublicKeyToken=null'. The system cannot find the file specified.
File name: 'Microsoft.Bcl.AsyncInterfaces, Culture=neutral, PublicKeyToken=null'
   at System.Reflection.RuntimeAssembly.InternalLoad(AssemblyName assemblyName, StackCrawlMark& stackMark, AssemblyLoadContext assemblyLoadContext, RuntimeAssembly requestingAssembly, Boolean throwOnFileNotFound)
   at System.Reflection.Assembly.Load(AssemblyName assemblyRef)
   at Microsoft.VisualStudio.TestPlatform.Common.ExtensionFramework.TestPluginCache.CurrentDomainAssemblyResolve(Object sender, AssemblyResolveEventArgs args)
   at System.Runtime.Loader.AssemblyLoadContext.GetFirstResolvedAssemblyFromResolvingEvent(AssemblyName assemblyName)
   at System.Runtime.Loader.AssemblyLoadContext.ResolveUsingEvent(AssemblyName assemblyName)
   at System.Runtime.Loader.AssemblyLoadContext.ResolveUsingResolvingEvent(IntPtr gchManagedAssemblyLoadContext, AssemblyName assemblyName)
TpTrace Information: 0 : 18152, 1, 2023/05/25, 05:50:00.414, 7538120299887, vstest.console.dll, AssemblyResolver.OnResolve: Microsoft.TestPlatform.Extensions.BlameDataCollector: Resolving assembly.
TpTrace Information: 0 : 18152, 1, 2023/05/25, 05:50:00.414, 7538120300208, vstest.console.dll, AssemblyResolver.OnResolve: Microsoft.TestPlatform.Extensions.BlameDataCollector: Searching in: 'C:\Program Files\dotnet\sdk\7.0.103\Extensions'.
TpTrace Information: 0 : 18152, 1, 2023/05/25, 05:50:00.414, 7538120302617, vstest.console.dll, AssemblyResolver.OnResolve: Microsoft.TestPlatform.Extensions.BlameDataCollector: Loading assembly 'C:\Program Files\dotnet\sdk\7.0.103\Extensions\Microsoft.TestPlatform.Extensions.BlameDataCollector.dll'.
TpTrace Information: 0 : 18152, 1, 2023/05/25, 05:50:00.414, 7538120305702, vstest.console.dll, AssemblyResolver.OnResolve: Resolved assembly: Microsoft.TestPlatform.Extensions.BlameDataCollector, from path: C:\Program Files\dotnet\sdk\7.0.103\Extensions\Microsoft.TestPlatform.Extensions.BlameDataCollector.dll
TpTrace Verbose: 0 : 18152, 1, 2023/05/25, 05:50:00.414, 7538120306394, vstest.console.dll, MetadataReaderExtensionsHelper: Discovering extensions inside assembly 'Microsoft.TestPlatform.Extensions.BlameDataCollector, Version=15.0.0.0, Culture=neutral, PublicKeyToken=b03f5f7f11d50a3a' file path 'C:\Program Files\dotnet\sdk\7.0.103\Extensions\Microsoft.TestPlatform.Extensions.BlameDataCollector.dll'
TpTrace Information: 0 : 18152, 1, 2023/05/25, 05:50:00.416, 7538120317805, vstest.console.dll, AssemblyResolver.OnResolve: Microsoft.TestPlatform.Extensions.EventLogCollector: Resolving assembly.
TpTrace Information: 0 : 18152, 1, 2023/05/25, 05:50:00.416, 7538120318335, vstest.console.dll, AssemblyResolver.OnResolve: Microsoft.TestPlatform.Extensions.EventLogCollector: Searching in: 'C:\Program Files\dotnet\sdk\7.0.103\Extensions'.
TpTrace Information: 0 : 18152, 1, 2023/05/25, 05:50:00.416, 7538120320150, vstest.console.dll, AssemblyResolver.OnResolve: Microsoft.TestPlatform.Extensions.EventLogCollector: Loading assembly 'C:\Program Files\dotnet\sdk\7.0.103\Extensions\Microsoft.TestPlatform.Extensions.EventLogCollector.dll'.
TpTrace Information: 0 : 18152, 1, 2023/05/25, 05:50:00.416, 7538120322631, vstest.console.dll, AssemblyResolver.OnResolve: Resolved assembly: Microsoft.TestPlatform.Extensions.EventLogCollector, from path: C:\Program Files\dotnet\sdk\7.0.103\Extensions\Microsoft.TestPlatform.Extensions.EventLogCollector.dll
TpTrace Verbose: 0 : 18152, 1, 2023/05/25, 05:50:00.416, 7538120323226, vstest.console.dll, MetadataReaderExtensionsHelper: Discovering extensions inside assembly 'Microsoft.TestPlatform.Extensions.EventLogCollector, Version=15.0.0.0, Culture=neutral, PublicKeyToken=b03f5f7f11d50a3a' file path 'C:\Program Files\dotnet\sdk\7.0.103\Extensions\Microsoft.TestPlatform.Extensions.EventLogCollector.dll'
TpTrace Information: 0 : 18152, 1, 2023/05/25, 05:50:00.418, 7538120338403, vstest.console.dll, AssemblyResolver.OnResolve: Microsoft.TestPlatform.TestHostRuntimeProvider: Resolving assembly.
TpTrace Information: 0 : 18152, 1, 2023/05/25, 05:50:00.418, 7538120339093, vstest.console.dll, AssemblyResolver.OnResolve: Microsoft.TestPlatform.TestHostRuntimeProvider: Searching in: 'C:\Program Files\dotnet\sdk\7.0.103\Extensions'.
TpTrace Information: 0 : 18152, 1, 2023/05/25, 05:50:00.418, 7538120341328, vstest.console.dll, AssemblyResolver.OnResolve: Microsoft.TestPlatform.TestHostRuntimeProvider: Loading assembly 'C:\Program Files\dotnet\sdk\7.0.103\Extensions\Microsoft.TestPlatform.TestHostRuntimeProvider.dll'.
TpTrace Information: 0 : 18152, 1, 2023/05/25, 05:50:00.418, 7538120344543, vstest.console.dll, AssemblyResolver.OnResolve: Resolved assembly: Microsoft.TestPlatform.TestHostRuntimeProvider, from path: C:\Program Files\dotnet\sdk\7.0.103\Extensions\Microsoft.TestPlatform.TestHostRuntimeProvider.dll
TpTrace Verbose: 0 : 18152, 1, 2023/05/25, 05:50:00.418, 7538120345181, vstest.console.dll, MetadataReaderExtensionsHelper: Discovering extensions inside assembly 'Microsoft.TestPlatform.TestHostRuntimeProvider, Version=15.0.0.0, Culture=neutral, PublicKeyToken=b03f5f7f11d50a3a' file path 'C:\Program Files\dotnet\sdk\7.0.103\Extensions\Microsoft.TestPlatform.TestHostRuntimeProvider.dll'
TpTrace Information: 0 : 18152, 1, 2023/05/25, 05:50:00.420, 7538120364075, vstest.console.dll, GetTestExtensionFromType: Register extension with identifier data 'HostProvider://DefaultTestHost' and type 'Microsoft.VisualStudio.TestPlatform.CrossPlatEngine.Hosting.DefaultTestHostManager, Microsoft.TestPlatform.TestHostRuntimeProvider, Version=15.0.0.0, Culture=neutral, PublicKeyToken=b03f5f7f11d50a3a' inside file 'C:\Program Files\dotnet\sdk\7.0.103\Extensions\Microsoft.TestPlatform.TestHostRuntimeProvider.dll'
TpTrace Information: 0 : 18152, 1, 2023/05/25, 05:50:00.420, 7538120366424, vstest.console.dll, GetTestExtensionFromType: Register extension with identifier data 'HostProvider://DotnetTestHost' and type 'Microsoft.VisualStudio.TestPlatform.CrossPlatEngine.Hosting.DotnetTestHostManager, Microsoft.TestPlatform.TestHostRuntimeProvider, Version=15.0.0.0, Culture=neutral, PublicKeyToken=b03f5f7f11d50a3a' inside file 'C:\Program Files\dotnet\sdk\7.0.103\Extensions\Microsoft.TestPlatform.TestHostRuntimeProvider.dll'
TpTrace Information: 0 : 18152, 1, 2023/05/25, 05:50:00.421, 7538120367348, vstest.console.dll, AssemblyResolver.OnResolve: Microsoft.VisualStudio.TestPlatform.Extensions.Html.TestLogger: Resolving assembly.
TpTrace Information: 0 : 18152, 1, 2023/05/25, 05:50:00.421, 7538120367600, vstest.console.dll, AssemblyResolver.OnResolve: Microsoft.VisualStudio.TestPlatform.Extensions.Html.TestLogger: Searching in: 'C:\Program Files\dotnet\sdk\7.0.103\Extensions'.
TpTrace Information: 0 : 18152, 1, 2023/05/25, 05:50:00.421, 7538120369847, vstest.console.dll, AssemblyResolver.OnResolve: Microsoft.VisualStudio.TestPlatform.Extensions.Html.TestLogger: Loading assembly 'C:\Program Files\dotnet\sdk\7.0.103\Extensions\Microsoft.VisualStudio.TestPlatform.Extensions.Html.TestLogger.dll'.
TpTrace Information: 0 : 18152, 1, 2023/05/25, 05:50:00.421, 7538120373838, vstest.console.dll, AssemblyResolver.OnResolve: Resolved assembly: Microsoft.VisualStudio.TestPlatform.Extensions.Html.TestLogger, from path: C:\Program Files\dotnet\sdk\7.0.103\Extensions\Microsoft.VisualStudio.TestPlatform.Extensions.Html.TestLogger.dll
TpTrace Verbose: 0 : 18152, 1, 2023/05/25, 05:50:00.421, 7538120374730, vstest.console.dll, MetadataReaderExtensionsHelper: Discovering extensions inside assembly 'Microsoft.VisualStudio.TestPlatform.Extensions.Html.TestLogger, Version=15.0.0.0, Culture=neutral, PublicKeyToken=b03f5f7f11d50a3a' file path 'C:\Program Files\dotnet\sdk\7.0.103\Extensions\Microsoft.VisualStudio.TestPlatform.Extensions.Html.TestLogger.dll'
TpTrace Information: 0 : 18152, 1, 2023/05/25, 05:50:00.422, 7538120381213, vstest.console.dll, AssemblyResolver.OnResolve: Microsoft.VisualStudio.TestPlatform.Extensions.Trx.TestLogger: Resolving assembly.
TpTrace Information: 0 : 18152, 1, 2023/05/25, 05:50:00.422, 7538120381634, vstest.console.dll, AssemblyResolver.OnResolve: Microsoft.VisualStudio.TestPlatform.Extensions.Trx.TestLogger: Searching in: 'C:\Program Files\dotnet\sdk\7.0.103\Extensions'.
TpTrace Information: 0 : 18152, 1, 2023/05/25, 05:50:00.422, 7538120383495, vstest.console.dll, AssemblyResolver.OnResolve: Microsoft.VisualStudio.TestPlatform.Extensions.Trx.TestLogger: Loading assembly 'C:\Program Files\dotnet\sdk\7.0.103\Extensions\Microsoft.VisualStudio.TestPlatform.Extensions.Trx.TestLogger.dll'.
TpTrace Information: 0 : 18152, 1, 2023/05/25, 05:50:00.422, 7538120386614, vstest.console.dll, AssemblyResolver.OnResolve: Resolved assembly: Microsoft.VisualStudio.TestPlatform.Extensions.Trx.TestLogger, from path: C:\Program Files\dotnet\sdk\7.0.103\Extensions\Microsoft.VisualStudio.TestPlatform.Extensions.Trx.TestLogger.dll
TpTrace Verbose: 0 : 18152, 1, 2023/05/25, 05:50:00.422, 7538120387114, vstest.console.dll, MetadataReaderExtensionsHelper: Discovering extensions inside assembly 'Microsoft.VisualStudio.TestPlatform.Extensions.Trx.TestLogger, Version=15.0.0.0, Culture=neutral, PublicKeyToken=b03f5f7f11d50a3a' file path 'C:\Program Files\dotnet\sdk\7.0.103\Extensions\Microsoft.VisualStudio.TestPlatform.Extensions.Trx.TestLogger.dll'
TpTrace Verbose: 0 : 18152, 1, 2023/05/25, 05:50:00.423, 7538120395414, vstest.console.dll, TestPluginCache: Discovered the extensions using extension path ''.
TpTrace Verbose: 0 : 18152, 1, 2023/05/25, 05:50:00.423, 7538120395949, vstest.console.dll, TestPluginCache: Discoverers are ''.
TpTrace Verbose: 0 : 18152, 1, 2023/05/25, 05:50:00.423, 7538120396127, vstest.console.dll, TestPluginCache: Executors are ''.
TpTrace Verbose: 0 : 18152, 1, 2023/05/25, 05:50:00.423, 7538120396279, vstest.console.dll, TestPluginCache: Executors2 are ''.
TpTrace Verbose: 0 : 18152, 1, 2023/05/25, 05:50:00.423, 7538120396439, vstest.console.dll, TestPluginCache: Setting providers are ''.
TpTrace Verbose: 0 : 18152, 1, 2023/05/25, 05:50:00.423, 7538120396641, vstest.console.dll, TestPluginCache: Loggers are ''.
TpTrace Verbose: 0 : 18152, 1, 2023/05/25, 05:50:00.424, 7538120397231, vstest.console.dll, TestPluginCache: TestHosts are 'HostProvider://DefaultTestHost,HostProvider://DotnetTestHost'.
TpTrace Verbose: 0 : 18152, 1, 2023/05/25, 05:50:00.424, 7538120397445, vstest.console.dll, TestPluginCache: DataCollectors are ''.
TpTrace Information: 0 : 18152, 1, 2023/05/25, 05:50:00.432, 7538120483925, vstest.console.dll, RunTestsArgumentProcessor:Execute: Test run is starting.
TpTrace Verbose: 0 : 18152, 1, 2023/05/25, 05:50:00.432, 7538120485015, vstest.console.dll, RunTestsArgumentProcessor:Execute: Queuing Test run.
TpTrace Information: 0 : 18152, 1, 2023/05/25, 05:50:00.432, 7538120487216, vstest.console.dll, TestRequestManager.RunTests: run tests started.
TpTrace Information: 0 : 18152, 1, 2023/05/25, 05:50:00.434, 7538120499564, vstest.console.dll, AssemblyMetadataProvider.GetFrameworkName: Determined framework:'.NETCoreApp,Version=v3.1' for source: 'C:\Users\laxmi\source\repos\EmployeeManagementSystem\EmployeeManagement.API\EmployeeManagement.API.Test\bin\Debug\netcoreapp3.1\fine-code-coverage\build-output\EmployeeManagement.API.Test.dll'
TpTrace Information: 0 : 18152, 1, 2023/05/25, 05:50:00.434, 7538120501768, vstest.console.dll, Determined framework for all sources: .NETCoreApp,Version=v3.1
TpTrace Verbose: 0 : 18152, 1, 2023/05/25, 05:50:00.434, 7538120505765, vstest.console.dll, TestRequestManager.UpdateRunSettingsIfRequired: Default architecture: X64 IsDefaultTargetArchitecture: True, Current process architecture: X64 OperatingSystem: Windows.
TpTrace Information: 0 : 18152, 1, 2023/05/25, 05:50:00.436, 7538120525580, vstest.console.dll, AssemblyMetadataProvider.GetArchitecture: Determined architecture:AnyCPU info for assembly: C:\Users\laxmi\source\repos\EmployeeManagementSystem\EmployeeManagement.API\EmployeeManagement.API.Test\bin\Debug\netcoreapp3.1\fine-code-coverage\build-output\EmployeeManagement.API.Test.dll
TpTrace Information: 0 : 18152, 1, 2023/05/25, 05:50:00.436, 7538120526241, vstest.console.dll, Determined platform for source 'C:\Users\laxmi\source\repos\EmployeeManagementSystem\EmployeeManagement.API\EmployeeManagement.API.Test\bin\Debug\netcoreapp3.1\fine-code-coverage\build-output\EmployeeManagement.API.Test.dll' was AnyCPU and it will use the default plaform X64.
TpTrace Information: 0 : 18152, 1, 2023/05/25, 05:50:00.436, 7538120526447, vstest.console.dll, None of the sources provided any runnable platform, using the default platform: X64
TpTrace Information: 0 : 18152, 1, 2023/05/25, 05:50:00.437, 7538120527527, vstest.console.dll, Platform was updated to 'X64'.
TpTrace Information: 0 : 18152, 1, 2023/05/25, 05:50:00.440, 7538120558677, vstest.console.dll, InferRunSettingsHelper.IsTestSettingsEnabled: Unable to navigate to RunSettings/MSTest. Current node: RunSettings
TpTrace Information: 0 : 18152, 1, 2023/05/25, 05:50:00.440, 7538120565051, vstest.console.dll, AssemblyResolver.OnResolve: Microsoft.VisualStudio.TestPlatform.Fakes: Resolving assembly.
TpTrace Information: 0 : 18152, 1, 2023/05/25, 05:50:00.440, 7538120565734, vstest.console.dll, AssemblyResolver.OnResolve: Microsoft.VisualStudio.TestPlatform.Fakes: Searching in: 'C:\Program Files\dotnet\sdk\7.0.103\Extensions'.
TpTrace Information: 0 : 18152, 1, 2023/05/25, 05:50:00.440, 7538120566498, vstest.console.dll, AssemblyResolver.OnResolve: Microsoft.VisualStudio.TestPlatform.Fakes: Assembly path does not exist: 'C:\Program Files\dotnet\sdk\7.0.103\Extensions\Microsoft.VisualStudio.TestPlatform.Fakes.dll', returning.
TpTrace Information: 0 : 18152, 1, 2023/05/25, 05:50:00.440, 7538120566890, vstest.console.dll, AssemblyResolver.OnResolve: Microsoft.VisualStudio.TestPlatform.Fakes: Assembly path does not exist: 'C:\Program Files\dotnet\sdk\7.0.103\Extensions\Microsoft.VisualStudio.TestPlatform.Fakes.exe', returning.
TpTrace Information: 0 : 18152, 1, 2023/05/25, 05:50:00.440, 7538120567125, vstest.console.dll, AssemblyResolver.OnResolve: Microsoft.VisualStudio.TestPlatform.Fakes: Searching in: 'C:\Program Files\dotnet\sdk\7.0.103'.
TpTrace Information: 0 : 18152, 1, 2023/05/25, 05:50:00.441, 7538120567502, vstest.console.dll, AssemblyResolver.OnResolve: Microsoft.VisualStudio.TestPlatform.Fakes: Assembly path does not exist: 'C:\Program Files\dotnet\sdk\7.0.103\Microsoft.VisualStudio.TestPlatform.Fakes.dll', returning.
TpTrace Information: 0 : 18152, 1, 2023/05/25, 05:50:00.441, 7538120567803, vstest.console.dll, AssemblyResolver.OnResolve: Microsoft.VisualStudio.TestPlatform.Fakes: Assembly path does not exist: 'C:\Program Files\dotnet\sdk\7.0.103\Microsoft.VisualStudio.TestPlatform.Fakes.exe', returning.
TpTrace Information: 0 : 18152, 1, 2023/05/25, 05:50:00.441, 7538120567986, vstest.console.dll, AssemblyResolver.OnResolve: Microsoft.VisualStudio.TestPlatform.Fakes: Failed to load assembly.
TpTrace Information: 0 : 18152, 1, 2023/05/25, 05:50:00.441, 7538120570263, vstest.console.dll, Failed to load assembly Microsoft.VisualStudio.TestPlatform.Fakes, Version=17.0.0.0, Culture=neutral. Reason:System.IO.FileNotFoundException: Could not load file or assembly 'Microsoft.VisualStudio.TestPlatform.Fakes, Version=17.0.0.0, Culture=neutral, PublicKeyToken=null'. The system cannot find the file specified.
File name: 'Microsoft.VisualStudio.TestPlatform.Fakes, Version=17.0.0.0, Culture=neutral, PublicKeyToken=null'
   at System.Reflection.RuntimeAssembly.InternalLoad(AssemblyName assemblyName, StackCrawlMark& stackMark, AssemblyLoadContext assemblyLoadContext, RuntimeAssembly requestingAssembly, Boolean throwOnFileNotFound)
   at System.Reflection.Assembly.Load(AssemblyName assemblyRef)
   at Microsoft.VisualStudio.TestPlatform.Common.Utilities.FakesUtilities.LoadTestPlatformAssembly()
TpTrace Verbose: 0 : 18152, 1, 2023/05/25, 05:50:00.446, 7538120619344, vstest.console.dll, TestPluginCache.DiscoverTestExtensions: finding test extensions in assemblies ends with: TestLogger.dll TPluginInfo: Microsoft.VisualStudio.TestPlatform.Common.ExtensionFramework.Utilities.TestLoggerPluginInformation TExtension: Microsoft.VisualStudio.TestPlatform.ObjectModel.Client.ITestLogger
TpTrace Verbose: 0 : 18152, 1, 2023/05/25, 05:50:00.446, 7538120620719, vstest.console.dll, TestPluginCache.GetExtensionPaths: Filtered extension paths: 
TpTrace Verbose: 0 : 18152, 1, 2023/05/25, 05:50:00.446, 7538120621026, vstest.console.dll, TestPluginCache.GetExtensionPaths: Added default extension paths: C:\Program Files\dotnet\sdk\7.0.103\Extensions\Microsoft.Diagnostics.NETCore.Client.dll
C:\Program Files\dotnet\sdk\7.0.103\Extensions\Microsoft.TestPlatform.Extensions.BlameDataCollector.dll
C:\Program Files\dotnet\sdk\7.0.103\Extensions\Microsoft.TestPlatform.Extensions.EventLogCollector.dll
C:\Program Files\dotnet\sdk\7.0.103\Extensions\Microsoft.TestPlatform.TestHostRuntimeProvider.dll
C:\Program Files\dotnet\sdk\7.0.103\Extensions\Microsoft.VisualStudio.TestPlatform.Extensions.Html.TestLogger.dll
C:\Program Files\dotnet\sdk\7.0.103\Extensions\Microsoft.VisualStudio.TestPlatform.Extensions.Trx.TestLogger.dll
TpTrace Verbose: 0 : 18152, 1, 2023/05/25, 05:50:00.446, 7538120621282, vstest.console.dll, TestPluginCache.GetExtensionPaths: Added unfilterableExtensionPaths: 
TpTrace Information: 0 : 18152, 1, 2023/05/25, 05:50:00.446, 7538120622569, vstest.console.dll, AssemblyResolver.AddSearchDirectories: Adding more searchDirectories C:\Program Files\dotnet\sdk\7.0.103\Extensions,C:\Program Files\dotnet\sdk\7.0.103
TpTrace Verbose: 0 : 18152, 1, 2023/05/25, 05:50:00.446, 7538120623002, vstest.console.dll, TestPluginCache.DiscoverTestExtensions: Discovering the extensions using extension path.
TpTrace Verbose: 0 : 18152, 1, 2023/05/25, 05:50:00.446, 7538120623334, vstest.console.dll, TestPluginCache.GetExtensionPaths: Filtered extension paths: 
TpTrace Verbose: 0 : 18152, 1, 2023/05/25, 05:50:00.446, 7538120623633, vstest.console.dll, TestPluginCache.GetExtensionPaths: Added default extension paths: C:\Program Files\dotnet\sdk\7.0.103\Extensions\Microsoft.Diagnostics.NETCore.Client.dll
C:\Program Files\dotnet\sdk\7.0.103\Extensions\Microsoft.TestPlatform.Extensions.BlameDataCollector.dll
C:\Program Files\dotnet\sdk\7.0.103\Extensions\Microsoft.TestPlatform.Extensions.EventLogCollector.dll
C:\Program Files\dotnet\sdk\7.0.103\Extensions\Microsoft.TestPlatform.TestHostRuntimeProvider.dll
C:\Program Files\dotnet\sdk\7.0.103\Extensions\Microsoft.VisualStudio.TestPlatform.Extensions.Html.TestLogger.dll
C:\Program Files\dotnet\sdk\7.0.103\Extensions\Microsoft.VisualStudio.TestPlatform.Extensions.Trx.TestLogger.dll
TpTrace Verbose: 0 : 18152, 1, 2023/05/25, 05:50:00.446, 7538120623880, vstest.console.dll, TestPluginCache.GetExtensionPaths: Added unfilterableExtensionPaths: 
TpTrace Verbose: 0 : 18152, 1, 2023/05/25, 05:50:00.446, 7538120624183, vstest.console.dll, TestPluginCache.DiscoverTestExtensions: Discovering the extensions using allExtensionPaths: C:\Program Files\dotnet\sdk\7.0.103\Extensions\Microsoft.Diagnostics.NETCore.Client.dll
C:\Program Files\dotnet\sdk\7.0.103\Extensions\Microsoft.TestPlatform.Extensions.BlameDataCollector.dll
C:\Program Files\dotnet\sdk\7.0.103\Extensions\Microsoft.TestPlatform.Extensions.EventLogCollector.dll
C:\Program Files\dotnet\sdk\7.0.103\Extensions\Microsoft.TestPlatform.TestHostRuntimeProvider.dll
C:\Program Files\dotnet\sdk\7.0.103\Extensions\Microsoft.VisualStudio.TestPlatform.Extensions.Html.TestLogger.dll
C:\Program Files\dotnet\sdk\7.0.103\Extensions\Microsoft.VisualStudio.TestPlatform.Extensions.Trx.TestLogger.dll
TpTrace Information: 0 : 18152, 1, 2023/05/25, 05:50:00.446, 7538120624639, vstest.console.dll, AssemblyResolver.AddSearchDirectories: Adding more searchDirectories C:\Program Files\dotnet\sdk\7.0.103\Extensions,C:\Program Files\dotnet\sdk\7.0.103
TpTrace Information: 0 : 18152, 1, 2023/05/25, 05:50:00.446, 7538120624989, vstest.console.dll, AssemblyResolver.AddSearchDirectories: Adding more searchDirectories C:\Program Files\dotnet\sdk\7.0.103\Extensions,C:\Program Files\dotnet\sdk\7.0.103
TpTrace Information: 0 : 18152, 1, 2023/05/25, 05:50:00.446, 7538120625245, vstest.console.dll, AssemblyResolver.AddSearchDirectories: Adding more searchDirectories C:\Program Files\dotnet\sdk\7.0.103\Extensions,C:\Program Files\dotnet\sdk\7.0.103
TpTrace Information: 0 : 18152, 1, 2023/05/25, 05:50:00.446, 7538120625451, vstest.console.dll, AssemblyResolver.AddSearchDirectories: Adding more searchDirectories C:\Program Files\dotnet\sdk\7.0.103\Extensions,C:\Program Files\dotnet\sdk\7.0.103
TpTrace Information: 0 : 18152, 1, 2023/05/25, 05:50:00.446, 7538120625627, vstest.console.dll, AssemblyResolver.AddSearchDirectories: Adding more searchDirectories C:\Program Files\dotnet\sdk\7.0.103\Extensions,C:\Program Files\dotnet\sdk\7.0.103
TpTrace Information: 0 : 18152, 1, 2023/05/25, 05:50:00.446, 7538120625800, vstest.console.dll, AssemblyResolver.AddSearchDirectories: Adding more searchDirectories C:\Program Files\dotnet\sdk\7.0.103\Extensions,C:\Program Files\dotnet\sdk\7.0.103
TpTrace Verbose: 0 : 18152, 1, 2023/05/25, 05:50:00.446, 7538120626949, vstest.console.dll, MetadataReaderExtensionsHelper: Discovering extensions inside assembly 'Microsoft.Diagnostics.NETCore.Client, Version=0.2.6.42401, Culture=neutral, PublicKeyToken=31bf3856ad364e35' file path 'C:\Program Files\dotnet\sdk\7.0.103\Extensions\Microsoft.Diagnostics.NETCore.Client.dll'
TpTrace Information: 0 : 18152, 1, 2023/05/25, 05:50:00.447, 7538120633026, vstest.console.dll, AssemblyResolver.OnResolve: Microsoft.Bcl.AsyncInterfaces: Resolving assembly.
TpTrace Information: 0 : 18152, 1, 2023/05/25, 05:50:00.447, 7538120633587, vstest.console.dll, AssemblyResolver.OnResolve: Microsoft.Bcl.AsyncInterfaces: Resolved from cache.
TpTrace Verbose: 0 : 18152, 1, 2023/05/25, 05:50:00.447, 7538120633776, vstest.console.dll, CurrentDomainAssemblyResolve: Resolving assembly 'Microsoft.Bcl.AsyncInterfaces'.
TpTrace Information: 0 : 18152, 1, 2023/05/25, 05:50:00.447, 7538120634118, vstest.console.dll, AssemblyResolver.OnResolve: Microsoft.Bcl.AsyncInterfaces: Resolving assembly.
TpTrace Information: 0 : 18152, 1, 2023/05/25, 05:50:00.447, 7538120634369, vstest.console.dll, AssemblyResolver.OnResolve: Microsoft.Bcl.AsyncInterfaces: Resolved from cache.
TpTrace Verbose: 0 : 18152, 1, 2023/05/25, 05:50:00.447, 7538120634525, vstest.console.dll, CurrentDomainAssemblyResolve: Resolving assembly 'Microsoft.Bcl.AsyncInterfaces'.
TpTrace Verbose: 0 : 18152, 1, 2023/05/25, 05:50:00.447, 7538120634678, vstest.console.dll, CurrentDomainAssemblyResolve: Failed to resolve assembly 'Microsoft.Bcl.AsyncInterfaces'.
TpTrace Verbose: 0 : 18152, 1, 2023/05/25, 05:50:00.447, 7538120636044, vstest.console.dll, CurrentDomainAssemblyResolve: Failed to resolve assembly 'Microsoft.Bcl.AsyncInterfaces'.
TpTrace Warning: 0 : 18152, 1, 2023/05/25, 05:50:00.448, 7538120639235, vstest.console.dll, TestPluginDiscoverer: Failed to get types from assembly 'Microsoft.Diagnostics.NETCore.Client, Version=0.2.6.42401, Culture=neutral, PublicKeyToken=31bf3856ad364e35'. Error: System.Reflection.ReflectionTypeLoadException: Unable to load one or more of the requested types.
Could not load file or assembly 'Microsoft.Bcl.AsyncInterfaces, Version=1.0.0.0, Culture=neutral, PublicKeyToken=cc7b13ffcd2ddd51'. The system cannot find the file specified.
   at System.Reflection.RuntimeModule.GetTypes(RuntimeModule module)
   at System.Reflection.Assembly.GetTypes()
   at Microsoft.VisualStudio.TestPlatform.Common.ExtensionFramework.TestPluginDiscoverer.GetTestExtensionsFromAssembly[TPluginInfo,TExtension](Assembly assembly, Dictionary`2 pluginInfos, String filePath)
System.IO.FileNotFoundException: Could not load file or assembly 'Microsoft.Bcl.AsyncInterfaces, Version=1.0.0.0, Culture=neutral, PublicKeyToken=cc7b13ffcd2ddd51'. The system cannot find the file specified.
File name: 'Microsoft.Bcl.AsyncInterfaces, Version=1.0.0.0, Culture=neutral, PublicKeyToken=cc7b13ffcd2ddd51'
 ---> System.IO.FileNotFoundException: Could not load file or assembly 'Microsoft.Bcl.AsyncInterfaces, Culture=neutral, PublicKeyToken=null'. The system cannot find the file specified.
File name: 'Microsoft.Bcl.AsyncInterfaces, Culture=neutral, PublicKeyToken=null'
   at System.Reflection.RuntimeAssembly.InternalLoad(AssemblyName assemblyName, StackCrawlMark& stackMark, AssemblyLoadContext assemblyLoadContext, RuntimeAssembly requestingAssembly, Boolean throwOnFileNotFound)
   at System.Reflection.Assembly.Load(AssemblyName assemblyRef)
   at Microsoft.VisualStudio.TestPlatform.Common.ExtensionFramework.TestPluginCache.CurrentDomainAssemblyResolve(Object sender, AssemblyResolveEventArgs args)
   at System.Runtime.Loader.AssemblyLoadContext.GetFirstResolvedAssemblyFromResolvingEvent(AssemblyName assemblyName)
   at System.Runtime.Loader.AssemblyLoadContext.ResolveUsingEvent(AssemblyName assemblyName)
   at System.Runtime.Loader.AssemblyLoadContext.ResolveUsingResolvingEvent(IntPtr gchManagedAssemblyLoadContext, AssemblyName assemblyName)
TpTrace Warning: 0 : 18152, 1, 2023/05/25, 05:50:00.448, 7538120640469, vstest.console.dll, LoaderExceptions: System.IO.FileNotFoundException: Could not load file or assembly 'Microsoft.Bcl.AsyncInterfaces, Version=1.0.0.0, Culture=neutral, PublicKeyToken=cc7b13ffcd2ddd51'. The system cannot find the file specified.
File name: 'Microsoft.Bcl.AsyncInterfaces, Version=1.0.0.0, Culture=neutral, PublicKeyToken=cc7b13ffcd2ddd51'
 ---> System.IO.FileNotFoundException: Could not load file or assembly 'Microsoft.Bcl.AsyncInterfaces, Culture=neutral, PublicKeyToken=null'. The system cannot find the file specified.
File name: 'Microsoft.Bcl.AsyncInterfaces, Culture=neutral, PublicKeyToken=null'
   at System.Reflection.RuntimeAssembly.InternalLoad(AssemblyName assemblyName, StackCrawlMark& stackMark, AssemblyLoadContext assemblyLoadContext, RuntimeAssembly requestingAssembly, Boolean throwOnFileNotFound)
   at System.Reflection.Assembly.Load(AssemblyName assemblyRef)
   at Microsoft.VisualStudio.TestPlatform.Common.ExtensionFramework.TestPluginCache.CurrentDomainAssemblyResolve(Object sender, AssemblyResolveEventArgs args)
   at System.Runtime.Loader.AssemblyLoadContext.GetFirstResolvedAssemblyFromResolvingEvent(AssemblyName assemblyName)
   at System.Runtime.Loader.AssemblyLoadContext.ResolveUsingEvent(AssemblyName assemblyName)
   at System.Runtime.Loader.AssemblyLoadContext.ResolveUsingResolvingEvent(IntPtr gchManagedAssemblyLoadContext, AssemblyName assemblyName)
TpTrace Verbose: 0 : 18152, 1, 2023/05/25, 05:50:00.448, 7538120641143, vstest.console.dll, MetadataReaderExtensionsHelper: Discovering extensions inside assembly 'Microsoft.TestPlatform.Extensions.BlameDataCollector, Version=15.0.0.0, Culture=neutral, PublicKeyToken=b03f5f7f11d50a3a' file path 'C:\Program Files\dotnet\sdk\7.0.103\Extensions\Microsoft.TestPlatform.Extensions.BlameDataCollector.dll'
TpTrace Information: 0 : 18152, 1, 2023/05/25, 05:50:00.448, 7538120644701, vstest.console.dll, GetTestExtensionFromType: Register extension with identifier data 'logger://Microsoft/TestPlatform/Extensions/Blame/v1' and type 'Microsoft.TestPlatform.Extensions.BlameDataCollector.BlameLogger, Microsoft.TestPlatform.Extensions.BlameDataCollector, Version=15.0.0.0, Culture=neutral, PublicKeyToken=b03f5f7f11d50a3a' inside file 'C:\Program Files\dotnet\sdk\7.0.103\Extensions\Microsoft.TestPlatform.Extensions.BlameDataCollector.dll'
TpTrace Verbose: 0 : 18152, 1, 2023/05/25, 05:50:00.448, 7538120645312, vstest.console.dll, MetadataReaderExtensionsHelper: Discovering extensions inside assembly 'Microsoft.TestPlatform.Extensions.EventLogCollector, Version=15.0.0.0, Culture=neutral, PublicKeyToken=b03f5f7f11d50a3a' file path 'C:\Program Files\dotnet\sdk\7.0.103\Extensions\Microsoft.TestPlatform.Extensions.EventLogCollector.dll'
TpTrace Verbose: 0 : 18152, 1, 2023/05/25, 05:50:00.449, 7538120647289, vstest.console.dll, MetadataReaderExtensionsHelper: Discovering extensions inside assembly 'Microsoft.TestPlatform.TestHostRuntimeProvider, Version=15.0.0.0, Culture=neutral, PublicKeyToken=b03f5f7f11d50a3a' file path 'C:\Program Files\dotnet\sdk\7.0.103\Extensions\Microsoft.TestPlatform.TestHostRuntimeProvider.dll'
TpTrace Verbose: 0 : 18152, 1, 2023/05/25, 05:50:00.449, 7538120649225, vstest.console.dll, MetadataReaderExtensionsHelper: Discovering extensions inside assembly 'Microsoft.VisualStudio.TestPlatform.Extensions.Html.TestLogger, Version=15.0.0.0, Culture=neutral, PublicKeyToken=b03f5f7f11d50a3a' file path 'C:\Program Files\dotnet\sdk\7.0.103\Extensions\Microsoft.VisualStudio.TestPlatform.Extensions.Html.TestLogger.dll'
TpTrace Information: 0 : 18152, 1, 2023/05/25, 05:50:00.449, 7538120652832, vstest.console.dll, GetTestExtensionFromType: Register extension with identifier data 'logger://Microsoft/TestPlatform/HtmlLogger/v1' and type 'Microsoft.VisualStudio.TestPlatform.Extensions.HtmlLogger.HtmlLogger, Microsoft.VisualStudio.TestPlatform.Extensions.Html.TestLogger, Version=15.0.0.0, Culture=neutral, PublicKeyToken=b03f5f7f11d50a3a' inside file 'C:\Program Files\dotnet\sdk\7.0.103\Extensions\Microsoft.VisualStudio.TestPlatform.Extensions.Html.TestLogger.dll'
TpTrace Verbose: 0 : 18152, 1, 2023/05/25, 05:50:00.449, 7538120653351, vstest.console.dll, MetadataReaderExtensionsHelper: Discovering extensions inside assembly 'Microsoft.VisualStudio.TestPlatform.Extensions.Trx.TestLogger, Version=15.0.0.0, Culture=neutral, PublicKeyToken=b03f5f7f11d50a3a' file path 'C:\Program Files\dotnet\sdk\7.0.103\Extensions\Microsoft.VisualStudio.TestPlatform.Extensions.Trx.TestLogger.dll'
TpTrace Information: 0 : 18152, 1, 2023/05/25, 05:50:00.449, 7538120655850, vstest.console.dll, GetTestExtensionFromType: Register extension with identifier data 'logger://Microsoft/TestPlatform/TrxLogger/v1' and type 'Microsoft.VisualStudio.TestPlatform.Extensions.TrxLogger.TrxLogger, Microsoft.VisualStudio.TestPlatform.Extensions.Trx.TestLogger, Version=15.0.0.0, Culture=neutral, PublicKeyToken=b03f5f7f11d50a3a' inside file 'C:\Program Files\dotnet\sdk\7.0.103\Extensions\Microsoft.VisualStudio.TestPlatform.Extensions.Trx.TestLogger.dll'
TpTrace Verbose: 0 : 18152, 1, 2023/05/25, 05:50:00.449, 7538120656563, vstest.console.dll, TestPluginCache: Discovered the extensions using extension path ''.
TpTrace Verbose: 0 : 18152, 1, 2023/05/25, 05:50:00.449, 7538120656975, vstest.console.dll, TestPluginCache: Discoverers are ''.
TpTrace Verbose: 0 : 18152, 1, 2023/05/25, 05:50:00.450, 7538120657209, vstest.console.dll, TestPluginCache: Executors are ''.
TpTrace Verbose: 0 : 18152, 1, 2023/05/25, 05:50:00.450, 7538120657369, vstest.console.dll, TestPluginCache: Executors2 are ''.
TpTrace Verbose: 0 : 18152, 1, 2023/05/25, 05:50:00.450, 7538120657518, vstest.console.dll, TestPluginCache: Setting providers are ''.
TpTrace Verbose: 0 : 18152, 1, 2023/05/25, 05:50:00.450, 7538120658004, vstest.console.dll, TestPluginCache: Loggers are 'logger://Microsoft/TestPlatform/Extensions/Blame/v1,logger://Microsoft/TestPlatform/HtmlLogger/v1,logger://Microsoft/TestPlatform/TrxLogger/v1'.
TpTrace Verbose: 0 : 18152, 1, 2023/05/25, 05:50:00.450, 7538120658237, vstest.console.dll, TestPluginCache: TestHosts are 'HostProvider://DefaultTestHost,HostProvider://DotnetTestHost'.
TpTrace Verbose: 0 : 18152, 1, 2023/05/25, 05:50:00.450, 7538120658478, vstest.console.dll, TestPluginCache: DataCollectors are ''.
TpTrace Information: 0 : 18152, 1, 2023/05/25, 05:50:00.451, 7538120667245, vstest.console.dll, TestPluginManager.CreateTestExtension: Attempting to load test extension: Microsoft.TestPlatform.Extensions.BlameDataCollector.BlameLogger
TpTrace Verbose: 0 : 18152, 1, 2023/05/25, 05:50:00.459, 7538120748971, vstest.console.dll, TestEngine: Initializing Parallel Execution as MaxCpuCount is set to: 1
TpTrace Information: 0 : 18152, 1, 2023/05/25, 05:50:00.461, 7538120777027, vstest.console.dll, TestPluginManager.CreateTestExtension: Attempting to load test extension: Microsoft.VisualStudio.TestPlatform.CrossPlatEngine.Hosting.DefaultTestHostManager
TpTrace Information: 0 : 18152, 1, 2023/05/25, 05:50:00.463, 7538120788242, vstest.console.dll, TestPluginManager.CreateTestExtension: Attempting to load test extension: Microsoft.VisualStudio.TestPlatform.CrossPlatEngine.Hosting.DotnetTestHostManager
TpTrace Information: 0 : 18152, 1, 2023/05/25, 05:50:00.463, 7538120795567, vstest.console.dll, InferRunSettingsHelper.IsTestSettingsEnabled: Unable to navigate to RunSettings/MSTest. Current node: RunSettings
TpTrace Verbose: 0 : 18152, 1, 2023/05/25, 05:50:00.467, 7538120831178, vstest.console.dll, TestEngine.GetExecutionManager: Chosen execution manager 'Microsoft.VisualStudio.TestPlatform.CrossPlatEngine.Client.Parallel.ParallelProxyExecutionManager, Microsoft.TestPlatform.CrossPlatEngine, Version=15.0.0.0, Culture=neutral, PublicKeyToken=b03f5f7f11d50a3a' ParallelLevel '1'.
TpTrace Verbose: 0 : 18152, 1, 2023/05/25, 05:50:00.467, 7538120832636, vstest.console.dll, TestRunRequest.ExecuteAsync: Creating test run request.
TpTrace Verbose: 0 : 18152, 1, 2023/05/25, 05:50:00.467, 7538120834652, vstest.console.dll, TestRunRequest.ExecuteAsync: Starting.
TpTrace Information: 0 : 18152, 1, 2023/05/25, 05:50:00.467, 7538120836992, vstest.console.dll, TestRunRequest.ExecuteAsync: Starting run with settings:TestRunCriteria:
   KeepAlive=False,FrequencyOfRunStatsChangeEvent=10,RunStatsChangeEventTimeout=00:00:01.5000000,TestCaseFilter=,TestExecutorLauncher=
   Settingsxml=<RunSettings>
  <RunConfiguration>
    <ResultsDirectory>C:\Users\laxmi\source\repos\EmployeeManagementSystem\EmployeeManagement.API\EmployeeManagement.API.Test\bin\Debug\netcoreapp3.1\fine-code-coverage\coverage-tool-output</ResultsDirectory>
    <TargetPlatform>X64</TargetPlatform>
    <TargetFrameworkVersion>.NETCoreApp,Version=v3.1</TargetFrameworkVersion>
    <DesignMode>False</DesignMode>
    <CollectSourceInformation>False</CollectSourceInformation>
  </RunConfiguration>
  <LoggerRunSettings>
    <Loggers>
      <Logger friendlyName="blame" enabled="True" />
      <Logger friendlyName="Console" uri="logger://microsoft/TestPlatform/ConsoleLogger/v1" assemblyQualifiedName="Microsoft.VisualStudio.TestPlatform.CommandLine.Internal.ConsoleLogger, vstest.console, Version=15.0.0.0, Culture=neutral, PublicKeyToken=b03f5f7f11d50a3a" codeBase="C:\Program Files\dotnet\sdk\7.0.103\vstest.console.dll" enabled="True" />
    </Loggers>
  </LoggerRunSettings>
  <DataCollectionRunSettings>
    <DataCollectors>
      <DataCollector friendlyName="blame" enabled="True">
        <Configuration>
          <ResultsDirectory>C:\Users\laxmi\source\repos\EmployeeManagementSystem\EmployeeManagement.API\EmployeeManagement.API.Test\bin\Debug\netcoreapp3.1\fine-code-coverage\coverage-tool-output</ResultsDirectory>
        </Configuration>
      </DataCollector>
    </DataCollectors>
  </DataCollectionRunSettings>
</RunSettings>

TpTrace Verbose: 0 : 18152, 1, 2023/05/25, 05:50:00.468, 7538120837634, vstest.console.dll, TestRunRequest.ExecuteAsync: Wait for the first run request is over.
TpTrace Verbose: 0 : 18152, 1, 2023/05/25, 05:50:00.468, 7538120840354, vstest.console.dll, MulticastDelegateUtilities.SafeInvoke: TestRun.TestRunStart: Invoking callbacks was skipped because there are no subscribers.
TpTrace Verbose: 0 : 18152, 4, 2023/05/25, 05:50:00.468, 7538120843089, vstest.console.dll, MulticastDelegateUtilities.SafeInvoke: InternalTestLoggerEvents.SendTestRunStart: Invoking callback 1/1 for Microsoft.VisualStudio.TestPlatform.CommandLine.Internal.ConsoleLogger., took 0 ms.
TpTrace Verbose: 0 : 18152, 1, 2023/05/25, 05:50:00.469, 7538120851745, vstest.console.dll, ParallelProxyExecutionManager: Start execution. Total sources: 1
TpTrace Verbose: 0 : 18152, 1, 2023/05/25, 05:50:00.471, 7538120870331, vstest.console.dll, TestRequestSender is acting as server.
TpTrace Verbose: 0 : 18152, 1, 2023/05/25, 05:50:00.472, 7538120883767, vstest.console.dll, DataCollectionRequestSender.InitializeCommunication : Initialize communication. 
TpTrace Information: 0 : 18152, 1, 2023/05/25, 05:50:00.476, 7538120919463, vstest.console.dll, Listening on Endpoint : 127.0.0.1:58692
TpTrace Verbose: 0 : 18152, 1, 2023/05/25, 05:50:00.482, 7538120980079, vstest.console.dll, DotnetDataCollectionLauncher: Adding  --runtimeconfig "C:\Program Files\dotnet\sdk\7.0.103\datacollector.runtimeconfig.json" in args
TpTrace Verbose: 0 : 18152, 1, 2023/05/25, 05:50:00.482, 7538120981329, vstest.console.dll, DotnetDataCollectionLauncher: Adding  --depsfile "C:\Program Files\dotnet\sdk\7.0.103\datacollector.deps.json" in args
TpTrace Verbose: 0 : 18152, 1, 2023/05/25, 05:50:00.482, 7538120982592, vstest.console.dll, DotnetDataCollectionLauncher: Full path of dotnet.exe is C:\Program Files\dotnet\dotnet.exe
TpTrace Information: 0 : 18152, 1, 2023/05/25, 05:50:00.489, 7538121047824, vstest.console.dll, ProxyDataCollectionManager.Initialize: Launched datacollector processId: 43280 port: 58692
TpTrace Information: 0 : 18152, 1, 2023/05/25, 05:50:00.489, 7538121049349, vstest.console.dll, ProxyDataCollectionManager.Initialize: waiting for connection with timeout: 90 seconds
TpTrace Verbose: 0 : 18152, 1, 2023/05/25, 05:50:00.489, 7538121049920, vstest.console.dll, DataCollectionRequestSender.WaitForRequestHandlerConnection : Waiting for connection with timeout: 90000
TpTrace Verbose: 0 : 18152, 1, 2023/05/25, 05:50:00.640, 7538122564845, vstest.console.dll, SocketCommunicationManager.WaitForClientConnection took: 151 ms, with 90000 ms timeout, and finished with True.
TpTrace Information: 0 : 18152, 7, 2023/05/25, 05:50:00.640, 7538122565422, vstest.console.dll, Using the buffer size of 16384 bytes
TpTrace Information: 0 : 18152, 7, 2023/05/25, 05:50:00.641, 7538122567353, vstest.console.dll, Accepted Client request and set the flag
TpTrace Verbose: 0 : 18152, 1, 2023/05/25, 05:50:00.641, 7538122567417, vstest.console.dll, ProxyDataCollectionManager.InvokeDataCollectionServiceAction: Starting.
TpTrace Information: 0 : 18152, 1, 2023/05/25, 05:50:00.641, 7538122568982, vstest.console.dll, ProxyDataCollectionManager.BeforeTestRunStart: Get environment variable and port for datacollector processId: 43280 port: 58692
TpTrace Verbose: 0 : 18152, 1, 2023/05/25, 05:50:00.641, 7538122570220, vstest.console.dll, DataCollectionRequestSender.SendBeforeTestRunStartAndGetResult: Send BeforeTestRunStart message with settingsXml <RunSettings><RunConfiguration><ResultsDirectory>C:\Users\laxmi\source\repos\EmployeeManagementSystem\EmployeeManagement.API\EmployeeManagement.API.Test\bin\Debug\netcoreapp3.1\fine-code-coverage\coverage-tool-output</ResultsDirectory><TargetPlatform>X64</TargetPlatform><TargetFrameworkVersion>.NETCoreApp,Version=v3.1</TargetFrameworkVersion><DesignMode>False</DesignMode><CollectSourceInformation>False</CollectSourceInformation><TestAdaptersPaths>C:\Program Files\dotnet\sdk\7.0.103\Extensions</TestAdaptersPaths></RunConfiguration><LoggerRunSettings><Loggers><Logger friendlyName="blame" enabled="True" /><Logger friendlyName="Console" uri="logger://microsoft/TestPlatform/ConsoleLogger/v1" assemblyQualifiedName="Microsoft.VisualStudio.TestPlatform.CommandLine.Internal.ConsoleLogger, vstest.console, Version=15.0.0.0, Culture=neutral, PublicKeyToken=b03f5f7f11d50a3a" codeBase="C:\Program Files\dotnet\sdk\7.0.103\vstest.console.dll" enabled="True" /></Loggers></LoggerRunSettings><DataCollectionRunSettings><DataCollectors><DataCollector friendlyName="blame" enabled="True"><Configuration><ResultsDirectory>C:\Users\laxmi\source\repos\EmployeeManagementSystem\EmployeeManagement.API\EmployeeManagement.API.Test\bin\Debug\netcoreapp3.1\fine-code-coverage\coverage-tool-output</ResultsDirectory></Configuration></DataCollector></DataCollectors></DataCollectionRunSettings></RunSettings> and sources System.Collections.Generic.List`1[System.String]: 
TpTrace Verbose: 0 : 18152, 1, 2023/05/25, 05:50:00.729, 7538123451913, vstest.console.dll, DataCollectionRequestSender.SendBeforeTestRunStartAndGetResult: Received message: (DataCollection.SendMessage) -> {"MessageType":"DataCollection.SendMessage","Payload":{"FriendlyName":null,"Uri":null,"TestCaseId":"00000000-0000-0000-0000-000000000000","Message":"Logging DataCollector Diagnostics in file: C:\\Users\\laxmi\\source\\repos\\EmployeeManagementSystem\\EmployeeManagement.API\\EmployeeManagement.API.Test\\bin\\Debug\\netcoreapp3.1\\fine-code-coverage\\coverage-tool-output\\diagnostics.datacollector.23-05-25_05-50-00_48209_1.log","Level":0}}
TpTrace Verbose: 0 : 18152, 1, 2023/05/25, 05:50:00.800, 7538124166419, vstest.console.dll, DataCollectionRequestSender.SendBeforeTestRunStartAndGetResult: Received message: (DataCollection.BeforeTestRunStartResult) -> {"MessageType":"DataCollection.BeforeTestRunStartResult","Payload":{"EnvironmentVariables":{},"DataCollectionEventsPort":58694}}
TpTrace Information: 0 : 18152, 1, 2023/05/25, 05:50:00.807, 7538124231883, vstest.console.dll, ProxyDataCollectionManager.BeforeTestRunStart: SendBeforeTestRunStartAndGetResult successful, env variable from datacollector:   and testhost port: 58694
TpTrace Information: 0 : 18152, 1, 2023/05/25, 05:50:00.807, 7538124233260, vstest.console.dll, ProxyDataCollectionManager.InvokeDataCollectionServiceAction: Completed.
TpTrace Verbose: 0 : 18152, 1, 2023/05/25, 05:50:00.807, 7538124234923, vstest.console.dll, ProxyParallelExecutionManager: No sources available for execution.
TpTrace Verbose: 0 : 18152, 7, 2023/05/25, 05:50:00.807, 7538124235367, vstest.console.dll, ParallelProxyExecutionManager: Execution started. Started clients: 1
TpTrace Information: 0 : 18152, 1, 2023/05/25, 05:50:00.807, 7538124235823, vstest.console.dll, TestRunRequest.ExecuteAsync: Started.
TpTrace Verbose: 0 : 18152, 1, 2023/05/25, 05:50:00.807, 7538124237144, vstest.console.dll, TestRunRequest.WaitForCompletion: Waiting with timeout -1.
TpTrace Verbose: 0 : 18152, 7, 2023/05/25, 05:50:00.808, 7538124238059, vstest.console.dll, TestRunRequest:SendTestRunMessage: Starting.
TpTrace Verbose: 0 : 18152, 7, 2023/05/25, 05:50:00.808, 7538124239433, vstest.console.dll, MulticastDelegateUtilities.SafeInvoke: TestRun.LogMessages: Invoking callback 1/1 for Microsoft.VisualStudio.TestPlatform.CommandLine.TestRunResultAggregator., took 0 ms.
TpTrace Information: 0 : 18152, 7, 2023/05/25, 05:50:00.808, 7538124239682, vstest.console.dll, TestRunRequest:SendTestRunMessage: Completed.
TpTrace Verbose: 0 : 18152, 7, 2023/05/25, 05:50:00.808, 7538124241547, vstest.console.dll, ProxyExecutionManager: Test host is always Lazy initialize.
TpTrace Verbose: 0 : 18152, 4, 2023/05/25, 05:50:00.808, 7538124241970, vstest.console.dll, MulticastDelegateUtilities.SafeInvoke: InternalTestLoggerEvents.SendTestRunMessage: Invoking callback 1/1 for Microsoft.VisualStudio.TestPlatform.CommandLine.Internal.ConsoleLogger., took 0 ms.
TpTrace Verbose: 0 : 18152, 7, 2023/05/25, 05:50:00.808, 7538124244098, vstest.console.dll, TestRequestSender.InitializeCommunication: initialize communication. 
TpTrace Information: 0 : 18152, 7, 2023/05/25, 05:50:00.809, 7538124249250, vstest.console.dll, SocketServer.Start: Listening on endpoint : 127.0.0.1:58695
TpTrace Verbose: 0 : 18152, 7, 2023/05/25, 05:50:00.810, 7538124257783, vstest.console.dll, DotnetTestHostmanager.GetTestHostProcessStartInfo: Platform environment 'X64' target architecture 'X64' framework '.NETCoreApp,Version=v3.1' OS 'Windows'
TpTrace Verbose: 0 : 18152, 7, 2023/05/25, 05:50:00.810, 7538124260079, vstest.console.dll, DotnetTestHostmanager: Adding  --runtimeconfig "C:\Users\laxmi\source\repos\EmployeeManagementSystem\EmployeeManagement.API\EmployeeManagement.API.Test\bin\Debug\netcoreapp3.1\fine-code-coverage\build-output\EmployeeManagement.API.Test.runtimeconfig.json" in args
TpTrace Verbose: 0 : 18152, 7, 2023/05/25, 05:50:00.810, 7538124260702, vstest.console.dll, DotnetTestHostmanager: Adding  --depsfile "C:\Users\laxmi\source\repos\EmployeeManagementSystem\EmployeeManagement.API\EmployeeManagement.API.Test\bin\Debug\netcoreapp3.1\fine-code-coverage\build-output\EmployeeManagement.API.Test.deps.json" in args
TpTrace Verbose: 0 : 18152, 7, 2023/05/25, 05:50:00.810, 7538124262247, vstest.console.dll, DotnetTestHostmanager.IsWinOnArm: Current PROCESSOR_ARCHITECTURE from environment variable 'AMD64'
TpTrace Verbose: 0 : 18152, 7, 2023/05/25, 05:50:00.810, 7538124262824, vstest.console.dll, DotnetTestHostmanager.IsWinOnArm: Is Windows on ARM 'False'
TpTrace Verbose: 0 : 18152, 7, 2023/05/25, 05:50:00.810, 7538124263490, vstest.console.dll, DotnetTestHostManager: testhost.exe found at path: C:\Users\laxmi\source\repos\EmployeeManagementSystem\EmployeeManagement.API\EmployeeManagement.API.Test\bin\Debug\netcoreapp3.1\fine-code-coverage\build-output\testhost.exe
TpTrace Verbose: 0 : 18152, 7, 2023/05/25, 05:50:00.810, 7538124263925, vstest.console.dll, DotnetTestHostmanager: Full path of host exe is C:\Users\laxmi\source\repos\EmployeeManagementSystem\EmployeeManagement.API\EmployeeManagement.API.Test\bin\Debug\netcoreapp3.1\fine-code-coverage\build-output\testhost.exe
TpTrace Verbose: 0 : 18152, 7, 2023/05/25, 05:50:00.810, 7538124265176, vstest.console.dll, DotnetTestHostmanager.LaunchTestHostAsync: Found 'VSTEST_WINAPPHOST_DOTNET_ROOT' in env variables, value 'C:\Program Files\dotnet', forwarding to 'DOTNET_ROOT'
TpTrace Verbose: 0 : 18152, 7, 2023/05/25, 05:50:00.810, 7538124266752, vstest.console.dll, DotnetTestHostManager: Starting process 'C:\Users\laxmi\source\repos\EmployeeManagementSystem\EmployeeManagement.API\EmployeeManagement.API.Test\bin\Debug\netcoreapp3.1\fine-code-coverage\build-output\testhost.exe' with command line ' --runtimeconfig "C:\Users\laxmi\source\repos\EmployeeManagementSystem\EmployeeManagement.API\EmployeeManagement.API.Test\bin\Debug\netcoreapp3.1\fine-code-coverage\build-output\EmployeeManagement.API.Test.runtimeconfig.json" --depsfile "C:\Users\laxmi\source\repos\EmployeeManagementSystem\EmployeeManagement.API\EmployeeManagement.API.Test\bin\Debug\netcoreapp3.1\fine-code-coverage\build-output\EmployeeManagement.API.Test.deps.json" --port 58695 --endpoint 127.0.0.1:058695 --role client --parentprocessid 18152 --diag "C:\Users\laxmi\source\repos\EmployeeManagementSystem\EmployeeManagement.API\EmployeeManagement.API.Test\bin\Debug\netcoreapp3.1\fine-code-coverage\coverage-tool-output\diagnostics.host.23-05-25_05-50-00_80969_7.log" --tracelevel 4 --datacollectionport 58694 --telemetryoptedin false'
TpTrace Verbose: 0 : 18152, 7, 2023/05/25, 05:50:00.818, 7538124344169, vstest.console.dll, MulticastDelegateUtilities.SafeInvoke: HostProviderEvents.OnHostLaunched: Invoking callback 1/2 for Microsoft.VisualStudio.TestPlatform.CrossPlatEngine.Client.ProxyExecutionManagerWithDataCollection., took 1 ms.
TpTrace Verbose: 0 : 18152, 7, 2023/05/25, 05:50:00.819, 7538124347382, vstest.console.dll, Test Runtime launched
TpTrace Verbose: 0 : 18152, 7, 2023/05/25, 05:50:00.819, 7538124348252, vstest.console.dll, MulticastDelegateUtilities.SafeInvoke: HostProviderEvents.OnHostLaunched: Invoking callback 2/2 for Microsoft.VisualStudio.TestPlatform.CrossPlatEngine.Client.ProxyOperationManager., took 0 ms.
TpTrace Verbose: 0 : 18152, 7, 2023/05/25, 05:50:00.819, 7538124349765, vstest.console.dll, TestRequestSender.WaitForRequestHandlerConnection: waiting for connection with timeout: 90000.
TpTrace Verbose: 0 : 18152, 7, 2023/05/25, 05:50:01.000, 7538126166705, vstest.console.dll, TestRequestSender.WaitForRequestHandlerConnection: waiting took 181 ms, with timeout 90000 ms, and result 0, which is success.
TpTrace Verbose: 0 : 18152, 10, 2023/05/25, 05:50:01.000, 7538126166704, vstest.console.dll, MulticastDelegateUtilities.SafeInvoke: SocketServer: ClientConnected: Invoking callback 1/1 for Microsoft.VisualStudio.TestPlatform.CommunicationUtilities.TestRequestSender., took 0 ms.
TpTrace Verbose: 0 : 18152, 10, 2023/05/25, 05:50:01.001, 7538126169480, vstest.console.dll, SocketServer.OnClientConnected: Client connected for endPoint: 127.0.0.1:58695, starting MessageLoopAsync:
TpTrace Verbose: 0 : 18152, 13, 2023/05/25, 05:50:01.001, 7538126173220, vstest.console.dll, TcpClientExtensions.MessageLoopAsync: Polling on remoteEndPoint: 127.0.0.1:58696 localEndPoint: 127.0.0.1:58695
TpTrace Verbose: 0 : 18152, 7, 2023/05/25, 05:50:01.002, 7538126183503, vstest.console.dll, TestRequestSender.CheckVersionWithTestHost: Sending check version message: {"MessageType":"ProtocolVersion","Payload":7}
TpTrace Verbose: 0 : 18152, 13, 2023/05/25, 05:50:01.135, 7538127507861, vstest.console.dll, TcpClientExtensions.MessageLoopAsync: NotifyDataAvailable remoteEndPoint: 127.0.0.1:58696 localEndPoint: 127.0.0.1:58695
TpTrace Verbose: 0 : 18152, 13, 2023/05/25, 05:50:01.135, 7538127511470, vstest.console.dll, TestRequestSender.CheckVersionWithTestHost: onMessageReceived received message: (ProtocolVersion) -> {"MessageType":"ProtocolVersion","Payload":7}
TpTrace Verbose: 0 : 18152, 13, 2023/05/25, 05:50:01.136, 7538127520689, vstest.console.dll, MulticastDelegateUtilities.SafeInvoke: LengthPrefixCommunicationChannel: MessageReceived: Invoking callback 1/1 for Microsoft.VisualStudio.TestPlatform.CommunicationUtilities.TestRequestSender+<>c__DisplayClass26_0., took 0 ms.
TpTrace Verbose: 0 : 18152, 13, 2023/05/25, 05:50:01.136, 7538127521902, vstest.console.dll, TcpClientExtensions.MessageLoopAsync: Polling on remoteEndPoint: 127.0.0.1:58696 localEndPoint: 127.0.0.1:58695
TpTrace Verbose: 0 : 18152, 7, 2023/05/25, 05:50:01.136, 7538127522587, vstest.console.dll, TestPluginCache.GetExtensionPaths: Filtered extension paths: 
TpTrace Verbose: 0 : 18152, 7, 2023/05/25, 05:50:01.136, 7538127523232, vstest.console.dll, TestPluginCache.GetExtensionPaths: Added default extension paths: C:\Program Files\dotnet\sdk\7.0.103\Extensions\Microsoft.Diagnostics.NETCore.Client.dll
C:\Program Files\dotnet\sdk\7.0.103\Extensions\Microsoft.TestPlatform.Extensions.BlameDataCollector.dll
C:\Program Files\dotnet\sdk\7.0.103\Extensions\Microsoft.TestPlatform.Extensions.EventLogCollector.dll
C:\Program Files\dotnet\sdk\7.0.103\Extensions\Microsoft.TestPlatform.TestHostRuntimeProvider.dll
C:\Program Files\dotnet\sdk\7.0.103\Extensions\Microsoft.VisualStudio.TestPlatform.Extensions.Html.TestLogger.dll
C:\Program Files\dotnet\sdk\7.0.103\Extensions\Microsoft.VisualStudio.TestPlatform.Extensions.Trx.TestLogger.dll
TpTrace Verbose: 0 : 18152, 7, 2023/05/25, 05:50:01.136, 7538127523494, vstest.console.dll, TestPluginCache.GetExtensionPaths: Added unfilterableExtensionPaths: 
TpTrace Verbose: 0 : 18152, 7, 2023/05/25, 05:50:01.139, 7538127554395, vstest.console.dll, TestRequestSender.InitializeExecution: Sending initialize execution with message: {"Version":7,"MessageType":"TestExecution.Initialize","Payload":["C:\\Users\\laxmi\\source\\repos\\EmployeeManagementSystem\\EmployeeManagement.API\\EmployeeManagement.API.Test\\bin\\Debug\\netcoreapp3.1\\fine-code-coverage\\build-output\\Microsoft.VisualStudio.TestPlatform.MSTest.TestAdapter.dll"]}
TpTrace Verbose: 0 : 18152, 13, 2023/05/25, 05:50:01.140, 7538127558844, vstest.console.dll, TcpClientExtensions.MessageLoopAsync: NotifyDataAvailable remoteEndPoint: 127.0.0.1:58696 localEndPoint: 127.0.0.1:58695
TpTrace Verbose: 0 : 18152, 13, 2023/05/25, 05:50:01.140, 7538127559963, vstest.console.dll, LengthPrefixCommunicationChannel.NotifyDataAvailable: New data are waiting to be received, but there is no subscriber to be notified. Not reading them from the stream.
TpTrace Warning: 0 : 18152, 7, 2023/05/25, 05:50:01.140, 7538127559069, vstest.console.dll, InferRunSettingsHelper.MakeRunsettingsCompatible: Removing the following settings: TargetPlatform from RunSettings file. To use those settings please move to latest version of Microsoft.NET.Test.Sdk
TpTrace Verbose: 0 : 18152, 13, 2023/05/25, 05:50:01.140, 7538127560404, vstest.console.dll, TcpClientExtensions.MessageLoopAsync: Polling on remoteEndPoint: 127.0.0.1:58696 localEndPoint: 127.0.0.1:58695
TpTrace Verbose: 0 : 18152, 13, 2023/05/25, 05:50:01.140, 7538127562010, vstest.console.dll, TcpClientExtensions.MessageLoopAsync: NotifyDataAvailable remoteEndPoint: 127.0.0.1:58696 localEndPoint: 127.0.0.1:58695
TpTrace Verbose: 0 : 18152, 13, 2023/05/25, 05:50:01.140, 7538127562367, vstest.console.dll, LengthPrefixCommunicationChannel.NotifyDataAvailable: New data are waiting to be received, but there is no subscriber to be notified. Not reading them from the stream.
TpTrace Verbose: 0 : 18152, 13, 2023/05/25, 05:50:01.140, 7538127562572, vstest.console.dll, TcpClientExtensions.MessageLoopAsync: Polling on remoteEndPoint: 127.0.0.1:58696 localEndPoint: 127.0.0.1:58695
TpTrace Verbose: 0 : 18152, 13, 2023/05/25, 05:50:01.140, 7538127562769, vstest.console.dll, TcpClientExtensions.MessageLoopAsync: NotifyDataAvailable remoteEndPoint: 127.0.0.1:58696 localEndPoint: 127.0.0.1:58695
TpTrace Verbose: 0 : 18152, 13, 2023/05/25, 05:50:01.140, 7538127562946, vstest.console.dll, LengthPrefixCommunicationChannel.NotifyDataAvailable: New data are waiting to be received, but there is no subscriber to be notified. Not reading them from the stream.
TpTrace Verbose: 0 : 18152, 13, 2023/05/25, 05:50:01.140, 7538127563116, vstest.console.dll, TcpClientExtensions.MessageLoopAsync: Polling on remoteEndPoint: 127.0.0.1:58696 localEndPoint: 127.0.0.1:58695
TpTrace Verbose: 0 : 18152, 13, 2023/05/25, 05:50:01.140, 7538127563330, vstest.console.dll, TcpClientExtensions.MessageLoopAsync: NotifyDataAvailable remoteEndPoint: 127.0.0.1:58696 localEndPoint: 127.0.0.1:58695
TpTrace Verbose: 0 : 18152, 13, 2023/05/25, 05:50:01.140, 7538127563497, vstest.console.dll, LengthPrefixCommunicationChannel.NotifyDataAvailable: New data are waiting to be received, but there is no subscriber to be notified. Not reading them from the stream.
TpTrace Verbose: 0 : 18152, 13, 2023/05/25, 05:50:01.140, 7538127563712, vstest.console.dll, TcpClientExtensions.MessageLoopAsync: Polling on remoteEndPoint: 127.0.0.1:58696 localEndPoint: 127.0.0.1:58695
TpTrace Verbose: 0 : 18152, 13, 2023/05/25, 05:50:01.140, 7538127563974, vstest.console.dll, TcpClientExtensions.MessageLoopAsync: NotifyDataAvailable remoteEndPoint: 127.0.0.1:58696 localEndPoint: 127.0.0.1:58695
TpTrace Verbose: 0 : 18152, 13, 2023/05/25, 05:50:01.140, 7538127564157, vstest.console.dll, LengthPrefixCommunicationChannel.NotifyDataAvailable: New data are waiting to be received, but there is no subscriber to be notified. Not reading them from the stream.
TpTrace Verbose: 0 : 18152, 13, 2023/05/25, 05:50:01.140, 7538127564360, vstest.console.dll, TcpClientExtensions.MessageLoopAsync: Polling on remoteEndPoint: 127.0.0.1:58696 localEndPoint: 127.0.0.1:58695
TpTrace Verbose: 0 : 18152, 13, 2023/05/25, 05:50:01.140, 7538127564554, vstest.console.dll, TcpClientExtensions.MessageLoopAsync: NotifyDataAvailable remoteEndPoint: 127.0.0.1:58696 localEndPoint: 127.0.0.1:58695
TpTrace Verbose: 0 : 18152, 13, 2023/05/25, 05:50:01.140, 7538127567195, vstest.console.dll, TestRequestSender.OnExecutionMessageReceived: Received message: {"Version":7,"MessageType":"TestSession.Message","Payload":{"MessageLevel":0,"Message":"Logging TestHost Diagnostics in file: C:\\Users\\laxmi\\source\\repos\\EmployeeManagementSystem\\EmployeeManagement.API\\EmployeeManagement.API.Test\\bin\\Debug\\netcoreapp3.1\\fine-code-coverage\\coverage-tool-output\\diagnostics.host.23-05-25_05-50-00_80969_7.log"}}
TpTrace Verbose: 0 : 18152, 13, 2023/05/25, 05:50:01.143, 7538127589316, vstest.console.dll, TestRunRequest:SendTestRunMessage: Starting.
TpTrace Verbose: 0 : 18152, 13, 2023/05/25, 05:50:01.143, 7538127590906, vstest.console.dll, MulticastDelegateUtilities.SafeInvoke: TestRun.LogMessages: Invoking callback 1/1 for Microsoft.VisualStudio.TestPlatform.CommandLine.TestRunResultAggregator., took 0 ms.
TpTrace Information: 0 : 18152, 13, 2023/05/25, 05:50:01.143, 7538127591266, vstest.console.dll, TestRunRequest:SendTestRunMessage: Completed.
TpTrace Verbose: 0 : 18152, 13, 2023/05/25, 05:50:01.143, 7538127591535, vstest.console.dll, MulticastDelegateUtilities.SafeInvoke: LengthPrefixCommunicationChannel: MessageReceived: Invoking callback 1/1 for Microsoft.VisualStudio.TestPlatform.CommunicationUtilities.TestRequestSender+<>c__DisplayClass31_0., took 2 ms.
TpTrace Verbose: 0 : 18152, 13, 2023/05/25, 05:50:01.143, 7538127591768, vstest.console.dll, TcpClientExtensions.MessageLoopAsync: Polling on remoteEndPoint: 127.0.0.1:58696 localEndPoint: 127.0.0.1:58695
TpTrace Verbose: 0 : 18152, 4, 2023/05/25, 05:50:01.143, 7538127591972, vstest.console.dll, MulticastDelegateUtilities.SafeInvoke: InternalTestLoggerEvents.SendTestRunMessage: Invoking callback 1/1 for Microsoft.VisualStudio.TestPlatform.CommandLine.Internal.ConsoleLogger., took 0 ms.
TpTrace Verbose: 0 : 18152, 7, 2023/05/25, 05:50:01.146, 7538127624828, vstest.console.dll, TestRequestSender.StartTestRun: Sending test run with message: {"Version":7,"MessageType":"TestExecution.StartWithSources","Payload":{"AdapterSourceMap":{"_none_":["C:\\Users\\laxmi\\source\\repos\\EmployeeManagementSystem\\EmployeeManagement.API\\EmployeeManagement.API.Test\\bin\\Debug\\netcoreapp3.1\\fine-code-coverage\\build-output\\EmployeeManagement.API.Test.dll"]},"RunSettings":"<RunSettings>\r\n  <RunConfiguration>\r\n    <ResultsDirectory>C:\\Users\\laxmi\\source\\repos\\EmployeeManagementSystem\\EmployeeManagement.API\\EmployeeManagement.API.Test\\bin\\Debug\\netcoreapp3.1\\fine-code-coverage\\coverage-tool-output</ResultsDirectory>\r\n    <TargetFrameworkVersion>.NETCoreApp,Version=v3.1</TargetFrameworkVersion>\r\n    <DesignMode>False</DesignMode>\r\n    <CollectSourceInformation>False</CollectSourceInformation>\r\n  </RunConfiguration>\r\n  <LoggerRunSettings>\r\n    <Loggers>\r\n      <Logger friendlyName=\"blame\" enabled=\"True\" />\r\n      <Logger friendlyName=\"Console\" uri=\"logger://microsoft/TestPlatform/ConsoleLogger/v1\" assemblyQualifiedName=\"Microsoft.VisualStudio.TestPlatform.CommandLine.Internal.ConsoleLogger, vstest.console, Version=15.0.0.0, Culture=neutral, PublicKeyToken=b03f5f7f11d50a3a\" codeBase=\"C:\\Program Files\\dotnet\\sdk\\7.0.103\\vstest.console.dll\" enabled=\"True\" />\r\n    </Loggers>\r\n  </LoggerRunSettings>\r\n  <DataCollectionRunSettings>\r\n    <DataCollectors>\r\n      <DataCollector friendlyName=\"blame\" enabled=\"True\">\r\n        <Configuration>\r\n          <ResultsDirectory>C:\\Users\\laxmi\\source\\repos\\EmployeeManagementSystem\\EmployeeManagement.API\\EmployeeManagement.API.Test\\bin\\Debug\\netcoreapp3.1\\fine-code-coverage\\coverage-tool-output</ResultsDirectory>\r\n        </Configuration>\r\n      </DataCollector>\r\n    </DataCollectors>\r\n  </DataCollectionRunSettings>\r\n</RunSettings>","TestExecutionContext":{"FrequencyOfRunStatsChangeEvent":10,"RunStatsChangeEventTimeout":"00:00:01.5000000","InIsolation":false,"KeepAlive":false,"AreTestCaseLevelEventsRequired":false,"IsDebug":false,"TestCaseFilter":null,"FilterOptions":null},"Package":null}}
TpTrace Verbose: 0 : 18152, 13, 2023/05/25, 05:50:01.694, 7538133100481, vstest.console.dll, TcpClientExtensions.MessageLoopAsync: NotifyDataAvailable remoteEndPoint: 127.0.0.1:58696 localEndPoint: 127.0.0.1:58695
TpTrace Verbose: 0 : 18152, 13, 2023/05/25, 05:50:01.694, 7538133103438, vstest.console.dll, TestRequestSender.OnExecutionMessageReceived: Received message: {"Version":7,"MessageType":"TestExecution.Completed","Payload":{"TestRunCompleteArgs":{"TestRunStatistics":{"ExecutedTests":2,"Stats":{"Passed":2}},"IsCanceled":false,"IsAborted":false,"Error":null,"AttachmentSets":[],"InvokedDataCollectors":[],"ElapsedTimeInRunningTests":"00:00:00.3530660","Metrics":{},"DiscoveredExtensions":{"TestDiscoverers":["Microsoft.VisualStudio.TestPlatform.MSTest.TestAdapter.MSTestDiscoverer, Microsoft.VisualStudio.TestPlatform.MSTest.TestAdapter, Version=14.0.0.0, Culture=neutral, PublicKeyToken=b03f5f7f11d50a3a"],"TestExecutors":["executor://MSTestAdapter/v2"],"TestExecutors2":[],"TestSettingsProviders":[]}},"LastRunTests":{"NewTestResults":[{"TestCase":{"Id":"6a3a909b-e675-82fc-d803-2696fe808ecc","FullyQualifiedName":"EmployeeManagement.API.Test.EmployeeManagementControllerTests.LookupEmployeeManagementAsync_InvalidManagerId_ThrowsException","DisplayName":"LookupEmployeeManagementAsync_InvalidManagerId_ThrowsException","ExecutorUri":"executor://MSTestAdapter/v2","Source":"C:\\Users\\laxmi\\source\\repos\\EmployeeManagementSystem\\EmployeeManagement.API\\EmployeeManagement.API.Test\\bin\\Debug\\netcoreapp3.1\\fine-code-coverage\\build-output\\EmployeeManagement.API.Test.dll","CodeFilePath":null,"LineNumber":-1,"Properties":[{"Key":{"Id":"TestCase.ManagedType","Label":"ManagedType","Category":"","Description":"","Attributes":1,"ValueType":"System.String"},"Value":"EmployeeManagement.API.Test.EmployeeManagementControllerTests"},{"Key":{"Id":"TestCase.ManagedMethod","Label":"ManagedMethod","Category":"","Description":"","Attributes":1,"ValueType":"System.String"},"Value":"LookupEmployeeManagementAsync_InvalidManagerId_ThrowsException"},{"Key":{"Id":"MSTestDiscoverer.TestClassName","Label":"ClassName","Category":"","Description":"","Attributes":1,"ValueType":"System.String"},"Value":"EmployeeManagement.API.Test.EmployeeManagementControllerTests"},{"Key":{"Id":"TestCase.Hierarchy","Label":"Hierarchy","Category":"","Description":"","Attributes":2,"ValueType":"System.String[]"},"Value":["EmployeeManagement.API.Test","EmployeeManagementControllerTests"]},{"Key":{"Id":"TestObject.Traits","Label":"Traits","Category":"","Description":"","Attributes":5,"ValueType":"System.Collections.Generic.KeyValuePair`2[[System.String],[System.String]][]"},"Value":[]}]},"Attachments":[],"Outcome":1,"ErrorMessage":null,"ErrorStackTrace":null,"DisplayName":"LookupEmployeeManagementAsync_InvalidManagerId_ThrowsException","Messages":[],"ComputerName":null,"Duration":"00:00:00.0999051","StartTime":"2023-05-25T05:50:01.44702+01:00","EndTime":"2023-05-25T05:50:01.5639236+01:00","Properties":[{"Key":{"Id":"ExecutionId","Label":"ExecutionId","Category":"","Description":"","Attributes":1,"ValueType":"System.Guid"},"Value":"00000000-0000-0000-0000-000000000000"},{"Key":{"Id":"ParentExecId","Label":"ParentExecId","Category":"","Description":"","Attributes":1,"ValueType":"System.Guid"},"Value":"00000000-0000-0000-0000-000000000000"},{"Key":{"Id":"InnerResultsCount","Label":"InnerResultsCount","Category":"","Description":"","Attributes":1,"ValueType":"System.Int32"},"Value":0}]},{"TestCase":{"Id":"55b0ba85-43bc-fa4b-6eca-956ac2f42c7a","FullyQualifiedName":"EmployeeManagement.API.Test.EmployeeManagementControllerTests.LookupEmployeeManagementAsync_InvalidId_ThrowsException","DisplayName":"LookupEmployeeManagementAsync_InvalidId_ThrowsException","ExecutorUri":"executor://MSTestAdapter/v2","Source":"C:\\Users\\laxmi\\source\\repos\\EmployeeManagementSystem\\EmployeeManagement.API\\EmployeeManagement.API.Test\\bin\\Debug\\netcoreapp3.1\\fine-code-coverage\\build-output\\EmployeeManagement.API.Test.dll","CodeFilePath":null,"LineNumber":-1,"Properties":[{"Key":{"Id":"TestCase.ManagedType","Label":"ManagedType","Category":"","Description":"","Attributes":1,"ValueType":"System.String"},"Value":"EmployeeManagement.API.Test.EmployeeManagementControllerTests"},{"Key":{"Id":"TestCase.ManagedMethod","Label":"ManagedMethod","Category":"","Description":"","Attributes":1,"ValueType":"System.String"},"Value":"LookupEmployeeManagementAsync_InvalidId_ThrowsException"},{"Key":{"Id":"MSTestDiscoverer.TestClassName","Label":"ClassName","Category":"","Description":"","Attributes":1,"ValueType":"System.String"},"Value":"EmployeeManagement.API.Test.EmployeeManagementControllerTests"},{"Key":{"Id":"TestCase.Hierarchy","Label":"Hierarchy","Category":"","Description":"","Attributes":2,"ValueType":"System.String[]"},"Value":["EmployeeManagement.API.Test","EmployeeManagementControllerTests"]},{"Key":{"Id":"TestObject.Traits","Label":"Traits","Category":"","Description":"","Attributes":5,"ValueType":"System.Collections.Generic.KeyValuePair`2[[System.String],[System.String]][]"},"Value":[]}]},"Attachments":[],"Outcome":1,"ErrorMessage":null,"ErrorStackTrace":null,"DisplayName":"LookupEmployeeManagementAsync_InvalidId_ThrowsException","Messages":[],"ComputerName":null,"Duration":"00:00:00.0025502","StartTime":"2023-05-25T05:50:01.6034537+01:00","EndTime":"2023-05-25T05:50:01.6068708+01:00","Properties":[{"Key":{"Id":"ExecutionId","Label":"ExecutionId","Category":"","Description":"","Attributes":1,"ValueType":"System.Guid"},"Value":"00000000-0000-0000-0000-000000000000"},{"Key":{"Id":"ParentExecId","Label":"ParentExecId","Category":"","Description":"","Attributes":1,"ValueType":"System.Guid"},"Value":"00000000-0000-0000-0000-000000000000"},{"Key":{"Id":"InnerResultsCount","Label":"InnerResultsCount","Category":"","Description":"","Attributes":1,"ValueType":"System.Int32"},"Value":0}]}],"TestRunStatistics":{"ExecutedTests":2,"Stats":{"Passed":2}},"ActiveTests":[]},"RunAttachments":[],"ExecutorUris":["executor://mstestadapter/v2"]}}
TpTrace Verbose: 0 : 18152, 13, 2023/05/25, 05:50:01.694, 7538133105759, vstest.console.dll, TestRequestSender.EndSession: Sending end session.
TpTrace Verbose: 0 : 18152, 13, 2023/05/25, 05:50:01.695, 7538133109631, vstest.console.dll, ProxyOperationManager.Close: waiting for test host to exit for 100 ms
TpTrace Warning: 0 : 18152, 11, 2023/05/25, 05:50:01.717, 7538133330234, vstest.console.dll, TestHostManagerCallbacks.ErrorReceivedCallback Test host standard error line: 
TpTrace Verbose: 0 : 18152, 11, 2023/05/25, 05:50:01.723, 7538133388294, vstest.console.dll, TestHostProvider.ExitCallBack: Host exited starting callback.
TpTrace Information: 0 : 18152, 11, 2023/05/25, 05:50:01.723, 7538133390233, vstest.console.dll, TestHostManagerCallbacks.ExitCallBack: Testhost processId: 31192 exited with exitcode: 0 error: ''
TpTrace Verbose: 0 : 18152, 11, 2023/05/25, 05:50:01.723, 7538133392005, vstest.console.dll, DotnetTestHostManager.OnHostExited: invoking OnHostExited callback
TpTrace Verbose: 0 : 18152, 11, 2023/05/25, 05:50:01.723, 7538133392639, vstest.console.dll, CrossPlatEngine.TestHostManagerHostExited: calling on client process exit callback.
TpTrace Information: 0 : 18152, 11, 2023/05/25, 05:50:01.723, 7538133395531, vstest.console.dll, TestRequestSender.OnClientProcessExit: Test host process exited. Standard error: 
TpTrace Information: 0 : 18152, 11, 2023/05/25, 05:50:01.723, 7538133395983, vstest.console.dll, SocketServer.Stop: Stop server endPoint: 127.0.0.1:58695
TpTrace Information: 0 : 18152, 11, 2023/05/25, 05:50:01.723, 7538133396371, vstest.console.dll, SocketServer.Stop: Cancellation requested. Stopping message loop.
TpTrace Information: 0 : 18152, 13, 2023/05/25, 05:50:01.723, 7538133396675, vstest.console.dll, SocketServer.Stop: Stop server endPoint: 127.0.0.1:58695
TpTrace Information: 0 : 18152, 13, 2023/05/25, 05:50:01.723, 7538133397091, vstest.console.dll, SocketServer.Stop: Cancellation requested. Stopping message loop.
TpTrace Verbose: 0 : 18152, 11, 2023/05/25, 05:50:01.724, 7538133397267, vstest.console.dll, MulticastDelegateUtilities.SafeInvoke: HostProviderEvents.OnHostExited: Invoking callback 1/1 for Microsoft.VisualStudio.TestPlatform.CrossPlatEngine.Client.ProxyOperationManager., took 0 ms.
TpTrace Information: 0 : 18152, 13, 2023/05/25, 05:50:01.724, 7538133397469, vstest.console.dll, Closing the connection
TpTrace Verbose: 0 : 18152, 13, 2023/05/25, 05:50:01.724, 7538133400010, vstest.console.dll, ProxyDataCollectionManager.InvokeDataCollectionServiceAction: Starting.
TpTrace Information: 0 : 18152, 13, 2023/05/25, 05:50:01.724, 7538133400343, vstest.console.dll, ProxyDataCollectionManager.AfterTestRunEnd: Get attachment set and invoked data collectors processId: 43280 port: 58692
TpTrace Verbose: 0 : 18152, 13, 2023/05/25, 05:50:01.724, 7538133400715, vstest.console.dll, DataCollectionRequestSender.SendAfterTestRunStartAndGetResult: Send AfterTestRunEnd message with isCancelled: False
TpTrace Verbose: 0 : 18152, 13, 2023/05/25, 05:50:01.734, 7538133498949, vstest.console.dll, DataCollectionRequestSender.SendAfterTestRunStartAndGetResult: Received message: (DataCollection.AfterTestRunEndResult) -> {"MessageType":"DataCollection.AfterTestRunEndResult","Payload":{"AttachmentSets":[],"InvokedDataCollectors":[{"Uri":"datacollector://Microsoft/TestPlatform/Extensions/Blame/v1","FriendlyName":"Blame","AssemblyQualifiedName":"Microsoft.TestPlatform.Extensions.BlameDataCollector.BlameCollector, Microsoft.TestPlatform.Extensions.BlameDataCollector, Version=15.0.0.0, Culture=neutral, PublicKeyToken=b03f5f7f11d50a3a","FilePath":"C:\\Program Files\\dotnet\\sdk\\7.0.103\\Extensions\\Microsoft.TestPlatform.Extensions.BlameDataCollector.dll","HasAttachmentProcessor":false}],"Metrics":{}}}
TpTrace Warning: 0 : 18152, 9, 2023/05/25, 05:50:01.739, 7538133548495, vstest.console.dll, DataCollectionLauncher.ErrorReceivedCallback datacollector standard error line: 
TpTrace Information: 0 : 18152, 9, 2023/05/25, 05:50:01.750, 7538133661072, vstest.console.dll, DataCollectionLauncher.ExitCallBack: Data collector exited with exitcode: 0 error: ''
TpTrace Information: 0 : 18152, 13, 2023/05/25, 05:50:01.751, 7538133675572, vstest.console.dll, ProxyDataCollectionManager.InvokeDataCollectionServiceAction: Completed.
TpTrace Verbose: 0 : 18152, 13, 2023/05/25, 05:50:01.842, 7538134586298, vstest.console.dll, TestRunRequest:SendTestRunStatsChange: Starting.
TpTrace Verbose: 0 : 18152, 13, 2023/05/25, 05:50:01.843, 7538134589868, vstest.console.dll, MulticastDelegateUtilities.SafeInvoke: TestRun.RunStatsChanged: Invoking callbacks was skipped because there are no subscribers.
TpTrace Information: 0 : 18152, 13, 2023/05/25, 05:50:01.843, 7538134590274, vstest.console.dll, TestRunRequest:SendTestRunStatsChange: Completed.
TpTrace Verbose: 0 : 18152, 13, 2023/05/25, 05:50:01.843, 7538134593961, vstest.console.dll, ParallelProxyExecutionManager: HandlePartialRunComplete: Total completed clients = 1, Run complete = True, Run canceled: False.
TpTrace Verbose: 0 : 18152, 4, 2023/05/25, 05:50:01.845, 7538134610965, vstest.console.dll, MulticastDelegateUtilities.SafeInvoke: InternalTestLoggerEvents.SendTestResult: Invoking callback 1/1 for Microsoft.VisualStudio.TestPlatform.CommandLine.Internal.ConsoleLogger., took 2 ms.
TpTrace Verbose: 0 : 18152, 4, 2023/05/25, 05:50:01.845, 7538134613538, vstest.console.dll, MulticastDelegateUtilities.SafeInvoke: InternalTestLoggerEvents.SendTestResult: Invoking callback 1/1 for Microsoft.VisualStudio.TestPlatform.CommandLine.Internal.ConsoleLogger., took 0 ms.
TpTrace Verbose: 0 : 18152, 4, 2023/05/25, 05:50:01.851, 7538134676092, vstest.console.dll, MulticastDelegateUtilities.SafeInvoke: InternalTestLoggerEvents.SendTestRunComplete: Invoking callback 1/2 for Microsoft.TestPlatform.Extensions.BlameDataCollector.BlameLogger., took 0 ms.
TpTrace Verbose: 0 : 18152, 4, 2023/05/25, 05:50:01.856, 7538134724079, vstest.console.dll, MulticastDelegateUtilities.SafeInvoke: InternalTestLoggerEvents.SendTestRunComplete: Invoking callback 2/2 for Microsoft.VisualStudio.TestPlatform.CommandLine.Internal.ConsoleLogger., took 4 ms.
TpTrace Verbose: 0 : 18152, 13, 2023/05/25, 05:50:01.856, 7538134727148, vstest.console.dll, TestRunRequest:TestRunComplete: Starting. IsAborted:False IsCanceled:False.
TpTrace Verbose: 0 : 18152, 13, 2023/05/25, 05:50:01.857, 7538134736645, vstest.console.dll, TestLoggerManager.HandleTestRunComplete: Ignoring as the object is disposed.
TpTrace Verbose: 0 : 18152, 13, 2023/05/25, 05:50:01.858, 7538134738622, vstest.console.dll, MulticastDelegateUtilities.SafeInvoke: TestRun.TestRunComplete: Invoking callback 1/2 for Microsoft.VisualStudio.TestPlatform.CommandLine.TestRunResultAggregator., took 0 ms.
TpTrace Verbose: 0 : 18152, 13, 2023/05/25, 05:50:01.858, 7538134739847, vstest.console.dll, MulticastDelegateUtilities.SafeInvoke: TestRun.TestRunComplete: Invoking callback 2/2 for Microsoft.VisualStudio.TestPlatform.CommandLine.Processors.RunTestsArgumentExecutor+TestRunRequestEventsRegistrar., took 0 ms.
TpTrace Information: 0 : 18152, 13, 2023/05/25, 05:50:01.858, 7538134740659, vstest.console.dll, TestRunRequest:TestRunComplete: Completed.
TpTrace Verbose: 0 : 18152, 13, 2023/05/25, 05:50:01.858, 7538134740948, vstest.console.dll, TestRequestSender.SetOperationComplete: Setting operation complete.
TpTrace Information: 0 : 18152, 13, 2023/05/25, 05:50:01.858, 7538134741127, vstest.console.dll, SocketServer.Stop: Stop server endPoint: 127.0.0.1:58695
TpTrace Information: 0 : 18152, 13, 2023/05/25, 05:50:01.858, 7538134741321, vstest.console.dll, SocketServer.Stop: Cancellation requested. Stopping message loop.
TpTrace Verbose: 0 : 18152, 1, 2023/05/25, 05:50:01.858, 7538134741451, vstest.console.dll, TestRunRequest.Dispose: Starting.
TpTrace Verbose: 0 : 18152, 13, 2023/05/25, 05:50:01.858, 7538134741535, vstest.console.dll, MulticastDelegateUtilities.SafeInvoke: LengthPrefixCommunicationChannel: MessageReceived: Invoking callback 1/1 for Microsoft.VisualStudio.TestPlatform.CommunicationUtilities.TestRequestSender+<>c__DisplayClass31_0., took 163 ms.
TpTrace Information: 0 : 18152, 1, 2023/05/25, 05:50:01.858, 7538134742203, vstest.console.dll, TestRunRequest.Dispose: Completed.
TpTrace Information: 0 : 18152, 13, 2023/05/25, 05:50:01.858, 7538134742509, vstest.console.dll, SocketServer.PrivateStop: Stopping server endPoint: 127.0.0.1:58695 error: 
TpTrace Information: 0 : 18152, 1, 2023/05/25, 05:50:01.858, 7538134742826, vstest.console.dll, TestRequestManager.RunTests: run tests completed.
TpTrace Information: 0 : 18152, 1, 2023/05/25, 05:50:01.858, 7538134743747, vstest.console.dll, RunTestsArgumentProcessor:Execute: Test run is completed.
TpTrace Verbose: 0 : 18152, 1, 2023/05/25, 05:50:01.858, 7538134745612, vstest.console.dll, Executor.Execute: Exiting with exit code of 0
TpTrace Verbose: 0 : 18152, 13, 2023/05/25, 05:50:01.858, 7538134747042, vstest.console.dll, LengthPrefixCommunicationChannel.Dispose: Dispose reader and writer.
TpTrace Information: 0 : 18152, 13, 2023/05/25, 05:50:01.859, 7538134747795, vstest.console.dll, SocketServer.Stop: Raise disconnected event endPoint: 127.0.0.1:58695 error: 
TpTrace Verbose: 0 : 18152, 13, 2023/05/25, 05:50:01.859, 7538134748351, vstest.console.dll, TestRequestSender: OnTestRunAbort: Operation is already complete. Skip error message.
TpTrace Verbose: 0 : 18152, 13, 2023/05/25, 05:50:01.859, 7538134748595, vstest.console.dll, MulticastDelegateUtilities.SafeInvoke: SocketServer: ClientDisconnected: Invoking callback 1/1 for Microsoft.VisualStudio.TestPlatform.CommunicationUtilities.TestRequestSender., took 0 ms.
TpTrace Verbose: 0 : 18152, 13, 2023/05/25, 05:50:01.859, 7538134748763, vstest.console.dll, TcpClientExtensions.MessageLoopAsync: exiting MessageLoopAsync remoteEndPoint: 127.0.0.1:58696 localEndPoint: 127.0.0.1:58695
